{"/home/travis/build/npmtest/node-npmtest-html-entities/test.js":{"path":"/home/travis/build/npmtest/node-npmtest-html-entities/test.js","s":{"1":2,"2":2,"3":2,"4":2,"5":2,"6":2,"7":2,"8":1,"9":2,"10":2,"11":1,"12":1,"13":1,"14":1,"15":2,"16":2,"17":2,"18":2,"19":1,"20":1,"21":2,"22":2,"23":2,"24":1,"25":1,"26":1,"27":1,"28":1,"29":1,"30":1,"31":1,"32":1,"33":1,"34":1,"35":1,"36":1,"37":2,"38":2,"39":1,"40":2,"41":2,"42":1,"43":2,"44":2,"45":1,"46":2,"47":2,"48":1,"49":1,"50":1,"51":1,"52":1},"b":{"1":[2,1,1,1],"2":[1,1,1,1],"3":[1,1],"4":[1,1],"5":[1,1],"6":[1,1],"7":[1,1],"8":[1,1],"9":[1,1,1],"10":[1,1],"11":[1,1],"12":[1,1],"13":[1,1],"14":[1,1],"15":[1,1],"16":[1,1]},"f":{"1":2,"2":2,"3":2,"4":2,"5":2,"6":1,"7":1,"8":2,"9":2,"10":2,"11":2,"12":1},"fnMap":{"1":{"name":"(anonymous_1)","line":12,"loc":{"start":{"line":12,"column":1},"end":{"line":12,"column":13}}},"2":{"name":"(anonymous_2)","line":19,"loc":{"start":{"line":19,"column":5},"end":{"line":19,"column":17}}},"3":{"name":"(anonymous_3)","line":23,"loc":{"start":{"line":23,"column":24},"end":{"line":23,"column":36}}},"4":{"name":"(anonymous_4)","line":61,"loc":{"start":{"line":61,"column":5},"end":{"line":61,"column":17}}},"5":{"name":"(anonymous_5)","line":82,"loc":{"start":{"line":82,"column":5},"end":{"line":82,"column":17}}},"6":{"name":"(anonymous_6)","line":102,"loc":{"start":{"line":102,"column":83},"end":{"line":105,"column":10}},"skip":true},"7":{"name":"(anonymous_7)","line":113,"loc":{"start":{"line":113,"column":77},"end":{"line":116,"column":10}},"skip":true},"8":{"name":"(anonymous_8)","line":129,"loc":{"start":{"line":129,"column":12},"end":{"line":129,"column":40}},"skip":true},"9":{"name":"(anonymous_9)","line":137,"loc":{"start":{"line":137,"column":77},"end":{"line":140,"column":10}},"skip":true},"10":{"name":"(anonymous_10)","line":148,"loc":{"start":{"line":148,"column":83},"end":{"line":151,"column":10}},"skip":true},"11":{"name":"(anonymous_11)","line":159,"loc":{"start":{"line":159,"column":79},"end":{"line":162,"column":10}},"skip":true},"12":{"name":"(anonymous_12)","line":170,"loc":{"start":{"line":170,"column":75},"end":{"line":173,"column":10}},"skip":true}},"statementMap":{"1":{"start":{"line":12,"column":0},"end":{"line":185,"column":5}},"2":{"start":{"line":14,"column":4},"end":{"line":14,"column":14}},"3":{"start":{"line":19,"column":4},"end":{"line":56,"column":9}},"4":{"start":{"line":21,"column":8},"end":{"line":21,"column":19}},"5":{"start":{"line":23,"column":8},"end":{"line":35,"column":13}},"6":{"start":{"line":24,"column":12},"end":{"line":34,"column":13}},"7":{"start":{"line":25,"column":16},"end":{"line":28,"column":30}},"8":{"start":{"line":30,"column":16},"end":{"line":33,"column":27}},"9":{"start":{"line":37,"column":8},"end":{"line":39,"column":21}},"10":{"start":{"line":40,"column":8},"end":{"line":53,"column":9}},"11":{"start":{"line":43,"column":12},"end":{"line":46,"column":14}},"12":{"start":{"line":47,"column":12},"end":{"line":47,"column":18}},"13":{"start":{"line":50,"column":12},"end":{"line":51,"column":46}},"14":{"start":{"line":52,"column":12},"end":{"line":52,"column":18}},"15":{"start":{"line":55,"column":8},"end":{"line":55,"column":35}},"16":{"start":{"line":61,"column":4},"end":{"line":63,"column":9}},"17":{"start":{"line":62,"column":8},"end":{"line":62,"column":15}},"18":{"start":{"line":64,"column":4},"end":{"line":77,"column":5}},"19":{"start":{"line":70,"column":8},"end":{"line":70,"column":14}},"20":{"start":{"line":76,"column":8},"end":{"line":76,"column":14}},"21":{"start":{"line":82,"column":4},"end":{"line":84,"column":9}},"22":{"start":{"line":83,"column":8},"end":{"line":83,"column":15}},"23":{"start":{"line":85,"column":4},"end":{"line":184,"column":5}},"24":{"start":{"line":92,"column":8},"end":{"line":94,"column":63}},"25":{"start":{"line":95,"column":8},"end":{"line":95,"column":14}},"26":{"start":{"line":102,"column":8},"end":{"line":111,"column":10},"skip":true},"27":{"start":{"line":109,"column":12},"end":{"line":109,"column":55},"skip":true},"28":{"start":{"line":110,"column":12},"end":{"line":110,"column":48},"skip":true},"29":{"start":{"line":113,"column":8},"end":{"line":126,"column":10},"skip":true},"30":{"start":{"line":120,"column":12},"end":{"line":120,"column":76},"skip":true},"31":{"start":{"line":121,"column":12},"end":{"line":121,"column":73},"skip":true},"32":{"start":{"line":122,"column":12},"end":{"line":122,"column":74},"skip":true},"33":{"start":{"line":123,"column":12},"end":{"line":123,"column":79},"skip":true},"34":{"start":{"line":124,"column":12},"end":{"line":124,"column":25},"skip":true},"35":{"start":{"line":125,"column":12},"end":{"line":125,"column":45},"skip":true},"36":{"start":{"line":128,"column":8},"end":{"line":135,"column":14},"skip":true},"37":{"start":{"line":133,"column":16},"end":{"line":133,"column":29},"skip":true},"38":{"start":{"line":134,"column":16},"end":{"line":134,"column":55},"skip":true},"39":{"start":{"line":137,"column":8},"end":{"line":146,"column":10},"skip":true},"40":{"start":{"line":144,"column":12},"end":{"line":144,"column":25},"skip":true},"41":{"start":{"line":145,"column":12},"end":{"line":145,"column":45},"skip":true},"42":{"start":{"line":148,"column":8},"end":{"line":157,"column":10},"skip":true},"43":{"start":{"line":155,"column":12},"end":{"line":155,"column":25},"skip":true},"44":{"start":{"line":156,"column":12},"end":{"line":156,"column":48},"skip":true},"45":{"start":{"line":159,"column":8},"end":{"line":168,"column":10},"skip":true},"46":{"start":{"line":166,"column":12},"end":{"line":166,"column":25},"skip":true},"47":{"start":{"line":167,"column":12},"end":{"line":167,"column":46},"skip":true},"48":{"start":{"line":170,"column":8},"end":{"line":179,"column":10},"skip":true},"49":{"start":{"line":177,"column":12},"end":{"line":177,"column":94},"skip":true},"50":{"start":{"line":178,"column":12},"end":{"line":178,"column":48},"skip":true},"51":{"start":{"line":182,"column":8},"end":{"line":182,"column":35},"skip":true},"52":{"start":{"line":183,"column":8},"end":{"line":183,"column":14},"skip":true}},"branchMap":{"1":{"line":25,"type":"binary-expr","locations":[{"start":{"line":25,"column":23},"end":{"line":25,"column":62}},{"start":{"line":26,"column":20},"end":{"line":26,"column":70}},{"start":{"line":27,"column":20},"end":{"line":27,"column":71}},{"start":{"line":28,"column":20},"end":{"line":28,"column":29}}]},"2":{"line":30,"type":"binary-expr","locations":[{"start":{"line":30,"column":23},"end":{"line":30,"column":37}},{"start":{"line":31,"column":20},"end":{"line":31,"column":61}},{"start":{"line":32,"column":20},"end":{"line":32,"column":70}},{"start":{"line":33,"column":20},"end":{"line":33,"column":26}}]},"3":{"line":37,"type":"cond-expr","locations":[{"start":{"line":38,"column":14},"end":{"line":38,"column":20}},{"start":{"line":39,"column":14},"end":{"line":39,"column":20}}]},"4":{"line":40,"type":"switch","locations":[{"start":{"line":42,"column":8},"end":{"line":47,"column":18}},{"start":{"line":49,"column":8},"end":{"line":52,"column":18}}]},"5":{"line":44,"type":"binary-expr","locations":[{"start":{"line":44,"column":16},"end":{"line":44,"column":44}},{"start":{"line":44,"column":48},"end":{"line":44,"column":66}}]},"6":{"line":50,"type":"binary-expr","locations":[{"start":{"line":50,"column":21},"end":{"line":50,"column":49}},{"start":{"line":50,"column":53},"end":{"line":50,"column":72}}]},"7":{"line":64,"type":"switch","locations":[{"start":{"line":69,"column":4},"end":{"line":70,"column":14}},{"start":{"line":75,"column":4},"end":{"line":76,"column":14}}]},"8":{"line":85,"type":"switch","locations":[{"start":{"line":90,"column":4},"end":{"line":95,"column":14}},{"start":{"line":101,"column":4},"end":{"line":183,"column":14},"skip":true}]},"9":{"line":92,"type":"binary-expr","locations":[{"start":{"line":92,"column":18},"end":{"line":92,"column":32}},{"start":{"line":93,"column":12},"end":{"line":93,"column":53}},{"start":{"line":94,"column":12},"end":{"line":94,"column":61}}]},"10":{"line":102,"type":"binary-expr","locations":[{"start":{"line":102,"column":45},"end":{"line":102,"column":79},"skip":true},{"start":{"line":102,"column":83},"end":{"line":111,"column":9},"skip":true}]},"11":{"line":113,"type":"binary-expr","locations":[{"start":{"line":113,"column":42},"end":{"line":113,"column":73},"skip":true},{"start":{"line":113,"column":77},"end":{"line":126,"column":9},"skip":true}]},"12":{"line":128,"type":"binary-expr","locations":[{"start":{"line":128,"column":48},"end":{"line":128,"column":85},"skip":true},{"start":{"line":129,"column":12},"end":{"line":135,"column":13},"skip":true}]},"13":{"line":137,"type":"binary-expr","locations":[{"start":{"line":137,"column":42},"end":{"line":137,"column":73},"skip":true},{"start":{"line":137,"column":77},"end":{"line":146,"column":9},"skip":true}]},"14":{"line":148,"type":"binary-expr","locations":[{"start":{"line":148,"column":45},"end":{"line":148,"column":79},"skip":true},{"start":{"line":148,"column":83},"end":{"line":157,"column":9},"skip":true}]},"15":{"line":159,"type":"binary-expr","locations":[{"start":{"line":159,"column":43},"end":{"line":159,"column":75},"skip":true},{"start":{"line":159,"column":79},"end":{"line":168,"column":9},"skip":true}]},"16":{"line":170,"type":"binary-expr","locations":[{"start":{"line":170,"column":41},"end":{"line":170,"column":71},"skip":true},{"start":{"line":170,"column":75},"end":{"line":179,"column":9},"skip":true}]}},"code":["/* istanbul instrument in package npmtest_html_entities */","/*jslint","    bitwise: true,","    browser: true,","    maxerr: 8,","    maxlen: 96,","    node: true,","    nomen: true,","    regexp: true,","    stupid: true","*/","(function () {","    'use strict';","    var local;","","","","    // run shared js-env code - pre-init","    (function () {","        // init local","        local = {};","        // init modeJs","        local.modeJs = (function () {","            try {","                return typeof navigator.userAgent === 'string' &&","                    typeof document.querySelector('body') === 'object' &&","                    typeof XMLHttpRequest.prototype.open === 'function' &&","                    'browser';","            } catch (errorCaughtBrowser) {","                return module.exports &&","                    typeof process.versions.node === 'string' &&","                    typeof require('http').createServer === 'function' &&","                    'node';","            }","        }());","        // init global","        local.global = local.modeJs === 'browser'","            ? window","            : global;","        switch (local.modeJs) {","        // re-init local from window.local","        case 'browser':","            local = local.global.utility2.objectSetDefault(","                local.global.utility2_rollup || local.global.local,","                local.global.utility2","            );","            break;","        // re-init local from example.js","        case 'node':","            local = (local.global.utility2_rollup || require('utility2'))","                .requireExampleJsFromReadme();","            break;","        }","        // export local","        local.global.local = local;","    }());","","","","    // run shared js-env code - function","    (function () {","        return;","    }());","    switch (local.modeJs) {","","","","    // run browser js-env code - function","    case 'browser':","        break;","","","","    // run node js-env code - function","    case 'node':","        break;","    }","","","","    // run shared js-env code - post-init","    (function () {","        return;","    }());","    switch (local.modeJs) {","","","","    // run browser js-env code - post-init","    case 'browser':","        // run tests","        local.nop(local.modeTest &&","            document.querySelector('#testRunButton1') &&","            document.querySelector('#testRunButton1').click());","        break;","","","","    // run node js-env code - post-init","    /* istanbul ignore next */","    case 'node':","        local.testCase_buildApidoc_default = local.testCase_buildApidoc_default || function (","            options,","            onError","        ) {","        /*","         * this function will test buildApidoc's default handling-behavior-behavior","         */","            options = { modulePathList: module.paths };","            local.buildApidoc(options, onError);","        };","","        local.testCase_buildApp_default = local.testCase_buildApp_default || function (","            options,","            onError","        ) {","        /*","         * this function will test buildApp's default handling-behavior-behavior","         */","            local.testCase_buildReadme_default(options, local.onErrorThrow);","            local.testCase_buildLib_default(options, local.onErrorThrow);","            local.testCase_buildTest_default(options, local.onErrorThrow);","            local.testCase_buildCustomOrg_default(options, local.onErrorThrow);","            options = [];","            local.buildApp(options, onError);","        };","","        local.testCase_buildCustomOrg_default = local.testCase_buildCustomOrg_default ||","            function (options, onError) {","            /*","             * this function will test buildCustomOrg's default handling-behavior","             */","                options = {};","                local.buildCustomOrg(options, onError);","            };","","        local.testCase_buildLib_default = local.testCase_buildLib_default || function (","            options,","            onError","        ) {","        /*","         * this function will test buildLib's default handling-behavior","         */","            options = {};","            local.buildLib(options, onError);","        };","","        local.testCase_buildReadme_default = local.testCase_buildReadme_default || function (","            options,","            onError","        ) {","        /*","         * this function will test buildReadme's default handling-behavior-behavior","         */","            options = {};","            local.buildReadme(options, onError);","        };","","        local.testCase_buildTest_default = local.testCase_buildTest_default || function (","            options,","            onError","        ) {","        /*","         * this function will test buildTest's default handling-behavior","         */","            options = {};","            local.buildTest(options, onError);","        };","","        local.testCase_webpage_default = local.testCase_webpage_default || function (","            options,","            onError","        ) {","        /*","         * this function will test webpage's default handling-behavior","         */","            options = { modeCoverageMerge: true, url: local.serverLocalHost + '?modeTest=1' };","            local.browserTest(options, onError);","        };","","        // run test-server","        local.testRunServer(local);","        break;","    }","}());",""],"l":{"12":2,"14":2,"19":2,"21":2,"23":2,"24":2,"25":2,"30":1,"37":2,"40":2,"43":1,"47":1,"50":1,"52":1,"55":2,"61":2,"62":2,"64":2,"70":1,"76":1,"82":2,"83":2,"85":2,"92":1,"95":1,"102":1,"109":1,"110":1,"113":1,"120":1,"121":1,"122":1,"123":1,"124":1,"125":1,"128":1,"133":2,"134":2,"137":1,"144":2,"145":2,"148":1,"155":2,"156":2,"159":1,"166":2,"167":2,"170":1,"177":1,"178":1,"182":1,"183":1}},"/home/travis/build/npmtest/node-npmtest-html-entities/lib.npmtest_html_entities.js":{"path":"/home/travis/build/npmtest/node-npmtest-html-entities/lib.npmtest_html_entities.js","s":{"1":2,"2":2,"3":2,"4":2,"5":2,"6":2,"7":2,"8":1,"9":2,"10":2,"11":2,"12":2,"13":1,"14":1,"15":1,"16":1},"b":{"1":[2,1,1,1],"2":[1,1,1,1],"3":[1,1],"4":[2,2],"5":[1,1]},"f":{"1":2,"2":2,"3":2},"fnMap":{"1":{"name":"(anonymous_1)","line":12,"loc":{"start":{"line":12,"column":1},"end":{"line":12,"column":13}}},"2":{"name":"(anonymous_2)","line":19,"loc":{"start":{"line":19,"column":5},"end":{"line":19,"column":17}}},"3":{"name":"(anonymous_3)","line":23,"loc":{"start":{"line":23,"column":24},"end":{"line":23,"column":36}}}},"statementMap":{"1":{"start":{"line":12,"column":0},"end":{"line":53,"column":5}},"2":{"start":{"line":14,"column":4},"end":{"line":14,"column":14}},"3":{"start":{"line":19,"column":4},"end":{"line":52,"column":9}},"4":{"start":{"line":21,"column":8},"end":{"line":21,"column":19}},"5":{"start":{"line":23,"column":8},"end":{"line":35,"column":13}},"6":{"start":{"line":24,"column":12},"end":{"line":34,"column":13}},"7":{"start":{"line":25,"column":16},"end":{"line":28,"column":30}},"8":{"start":{"line":30,"column":16},"end":{"line":33,"column":27}},"9":{"start":{"line":37,"column":8},"end":{"line":39,"column":21}},"10":{"start":{"line":41,"column":8},"end":{"line":41,"column":54}},"11":{"start":{"line":43,"column":8},"end":{"line":43,"column":58}},"12":{"start":{"line":45,"column":8},"end":{"line":51,"column":9}},"13":{"start":{"line":46,"column":12},"end":{"line":46,"column":64}},"14":{"start":{"line":48,"column":12},"end":{"line":48,"column":35}},"15":{"start":{"line":49,"column":12},"end":{"line":49,"column":49}},"16":{"start":{"line":50,"column":12},"end":{"line":50,"column":43}}},"branchMap":{"1":{"line":25,"type":"binary-expr","locations":[{"start":{"line":25,"column":23},"end":{"line":25,"column":62}},{"start":{"line":26,"column":20},"end":{"line":26,"column":70}},{"start":{"line":27,"column":20},"end":{"line":27,"column":71}},{"start":{"line":28,"column":20},"end":{"line":28,"column":29}}]},"2":{"line":30,"type":"binary-expr","locations":[{"start":{"line":30,"column":23},"end":{"line":30,"column":37}},{"start":{"line":31,"column":20},"end":{"line":31,"column":61}},{"start":{"line":32,"column":20},"end":{"line":32,"column":70}},{"start":{"line":33,"column":20},"end":{"line":33,"column":26}}]},"3":{"line":37,"type":"cond-expr","locations":[{"start":{"line":38,"column":14},"end":{"line":38,"column":20}},{"start":{"line":39,"column":14},"end":{"line":39,"column":20}}]},"4":{"line":41,"type":"binary-expr","locations":[{"start":{"line":41,"column":16},"end":{"line":41,"column":44}},{"start":{"line":41,"column":48},"end":{"line":41,"column":53}}]},"5":{"line":45,"type":"if","locations":[{"start":{"line":45,"column":8},"end":{"line":45,"column":8}},{"start":{"line":45,"column":8},"end":{"line":45,"column":8}}]}},"code":["/* istanbul instrument in package npmtest_html_entities */","/*jslint","    bitwise: true,","    browser: true,","    maxerr: 8,","    maxlen: 96,","    node: true,","    nomen: true,","    regexp: true,","    stupid: true","*/","(function () {","    'use strict';","    var local;","","","","    // run shared js-env code - pre-init","    (function () {","        // init local","        local = {};","        // init modeJs","        local.modeJs = (function () {","            try {","                return typeof navigator.userAgent === 'string' &&","                    typeof document.querySelector('body') === 'object' &&","                    typeof XMLHttpRequest.prototype.open === 'function' &&","                    'browser';","            } catch (errorCaughtBrowser) {","                return module.exports &&","                    typeof process.versions.node === 'string' &&","                    typeof require('http').createServer === 'function' &&","                    'node';","            }","        }());","        // init global","        local.global = local.modeJs === 'browser'","            ? window","            : global;","        // init utility2_rollup","        local = local.global.utility2_rollup || local;","        // init lib","        local.local = local.npmtest_html_entities = local;","        // init exports","        if (local.modeJs === 'browser') {","            local.global.utility2_npmtest_html_entities = local;","        } else {","            module.exports = local;","            module.exports.__dirname = __dirname;","            module.exports.module = module;","        }","    }());","}());",""],"l":{"12":2,"14":2,"19":2,"21":2,"23":2,"24":2,"25":2,"30":1,"37":2,"41":2,"43":2,"45":2,"46":1,"48":1,"49":1,"50":1}},"/home/travis/build/npmtest/node-npmtest-html-entities/example.js":{"path":"/home/travis/build/npmtest/node-npmtest-html-entities/example.js","s":{"1":2,"2":2,"3":2,"4":2,"5":2,"6":2,"7":2,"8":1,"9":2,"10":2,"11":2,"12":2,"13":1,"14":2,"15":2,"16":2,"17":2,"18":2,"19":0,"20":2,"21":1,"22":1,"23":1,"24":1,"25":1,"26":0,"27":0,"28":1,"29":1,"30":2,"31":0,"32":0,"33":0,"34":1,"35":2,"36":2,"37":2,"38":2,"39":2,"40":2,"41":0,"42":2,"43":2,"44":2,"45":1,"46":3,"47":1,"48":1,"49":1,"50":1,"51":1,"52":1,"53":1,"54":1,"55":1,"56":1,"57":0,"58":1,"59":6,"60":6,"61":1,"62":2,"63":0,"64":2,"65":1,"66":1,"67":0,"68":0,"69":0,"70":0,"71":0,"72":0,"73":0,"74":0,"75":0,"76":0,"77":0,"78":0,"79":0,"80":0,"81":0,"82":0,"83":0},"b":{"1":[2,1,1,1],"2":[1,1,1,1],"3":[1,1],"4":[2,2],"5":[1,1],"6":[1,1],"7":[2,0],"8":[2,1,1,1,1,1],"9":[0,2,0],"10":[1,1],"11":[2,1,1],"12":[1,0],"13":[0,2],"14":[2,0,0,0,0,0,0],"15":[0,2],"16":[2,0],"17":[1,1],"18":[0,1],"19":[1,2,0,2],"20":[1,0],"21":[1,1],"22":[0,0],"23":[0,0],"24":[0,0],"25":[0,0],"26":[0,0],"27":[0,0],"28":[0,0]},"f":{"1":2,"2":2,"3":2,"4":2,"5":2,"6":2,"7":2,"8":2,"9":3,"10":1,"11":6,"12":0},"fnMap":{"1":{"name":"(anonymous_1)","line":26,"loc":{"start":{"line":26,"column":1},"end":{"line":26,"column":13}}},"2":{"name":"(anonymous_2)","line":33,"loc":{"start":{"line":33,"column":5},"end":{"line":33,"column":17}}},"3":{"name":"(anonymous_3)","line":37,"loc":{"start":{"line":37,"column":24},"end":{"line":37,"column":36}}},"4":{"name":"(anonymous_4)","line":69,"loc":{"start":{"line":69,"column":31},"end":{"line":69,"column":48}},"skip":true},"5":{"name":"(anonymous_5)","line":78,"loc":{"start":{"line":78,"column":26},"end":{"line":78,"column":45}},"skip":true},"6":{"name":"(anonymous_6)","line":123,"loc":{"start":{"line":123,"column":33},"end":{"line":123,"column":48}},"skip":true},"7":{"name":"(anonymous_7)","line":125,"loc":{"start":{"line":125,"column":27},"end":{"line":125,"column":39}},"skip":true},"8":{"name":"(anonymous_8)","line":133,"loc":{"start":{"line":133,"column":59},"end":{"line":133,"column":74}},"skip":true},"9":{"name":"(anonymous_9)","line":143,"loc":{"start":{"line":143,"column":45},"end":{"line":143,"column":62}},"skip":true},"10":{"name":"(anonymous_10)","line":144,"loc":{"start":{"line":144,"column":73},"end":{"line":144,"column":92}},"skip":true},"11":{"name":"(anonymous_11)","line":272,"loc":{"start":{"line":272,"column":51},"end":{"line":272,"column":77}},"skip":true},"12":{"name":"(anonymous_12)","line":314,"loc":{"start":{"line":314,"column":32},"end":{"line":314,"column":61}},"skip":true}},"statementMap":{"1":{"start":{"line":26,"column":0},"end":{"line":325,"column":5}},"2":{"start":{"line":28,"column":4},"end":{"line":28,"column":14}},"3":{"start":{"line":33,"column":4},"end":{"line":60,"column":9}},"4":{"start":{"line":35,"column":8},"end":{"line":35,"column":19}},"5":{"start":{"line":37,"column":8},"end":{"line":49,"column":13}},"6":{"start":{"line":38,"column":12},"end":{"line":48,"column":13}},"7":{"start":{"line":39,"column":16},"end":{"line":42,"column":30}},"8":{"start":{"line":44,"column":16},"end":{"line":47,"column":27}},"9":{"start":{"line":51,"column":8},"end":{"line":53,"column":21}},"10":{"start":{"line":55,"column":8},"end":{"line":57,"column":45}},"11":{"start":{"line":59,"column":8},"end":{"line":59,"column":35}},"12":{"start":{"line":61,"column":4},"end":{"line":324,"column":5}},"13":{"start":{"line":69,"column":8},"end":{"line":121,"column":10},"skip":true},"14":{"start":{"line":70,"column":12},"end":{"line":88,"column":13},"skip":true},"15":{"start":{"line":76,"column":16},"end":{"line":87,"column":19},"skip":true},"16":{"start":{"line":79,"column":20},"end":{"line":86,"column":21},"skip":true},"17":{"start":{"line":82,"column":24},"end":{"line":82,"column":43},"skip":true},"18":{"start":{"line":83,"column":24},"end":{"line":83,"column":30},"skip":true},"19":{"start":{"line":85,"column":24},"end":{"line":85,"column":49},"skip":true},"20":{"start":{"line":89,"column":12},"end":{"line":107,"column":13},"skip":true},"21":{"start":{"line":92,"column":16},"end":{"line":102,"column":17},"skip":true},"22":{"start":{"line":93,"column":20},"end":{"line":93,"column":86},"skip":true},"23":{"start":{"line":94,"column":20},"end":{"line":95,"column":45},"skip":true},"24":{"start":{"line":96,"column":20},"end":{"line":96,"column":42},"skip":true},"25":{"start":{"line":97,"column":20},"end":{"line":97,"column":48},"skip":true},"26":{"start":{"line":100,"column":20},"end":{"line":100,"column":85},"skip":true},"27":{"start":{"line":101,"column":20},"end":{"line":101,"column":96},"skip":true},"28":{"start":{"line":103,"column":16},"end":{"line":103,"column":22},"skip":true},"29":{"start":{"line":106,"column":16},"end":{"line":106,"column":22},"skip":true},"30":{"start":{"line":108,"column":12},"end":{"line":120,"column":13},"skip":true},"31":{"start":{"line":114,"column":16},"end":{"line":119,"column":17},"skip":true},"32":{"start":{"line":116,"column":20},"end":{"line":116,"column":78},"skip":true},"33":{"start":{"line":118,"column":20},"end":{"line":118,"column":53},"skip":true},"34":{"start":{"line":123,"column":8},"end":{"line":141,"column":11},"skip":true},"35":{"start":{"line":124,"column":12},"end":{"line":124,"column":54},"skip":true},"36":{"start":{"line":125,"column":12},"end":{"line":140,"column":14},"skip":true},"37":{"start":{"line":126,"column":16},"end":{"line":126,"column":28},"skip":true},"38":{"start":{"line":127,"column":16},"end":{"line":127,"column":69},"skip":true},"39":{"start":{"line":128,"column":16},"end":{"line":128,"column":75},"skip":true},"40":{"start":{"line":129,"column":16},"end":{"line":131,"column":17},"skip":true},"41":{"start":{"line":130,"column":20},"end":{"line":130,"column":27},"skip":true},"42":{"start":{"line":133,"column":16},"end":{"line":137,"column":36},"skip":true},"43":{"start":{"line":134,"column":20},"end":{"line":136,"column":55},"skip":true},"44":{"start":{"line":139,"column":16},"end":{"line":139,"column":57},"skip":true},"45":{"start":{"line":143,"column":8},"end":{"line":147,"column":11},"skip":true},"46":{"start":{"line":144,"column":12},"end":{"line":146,"column":15},"skip":true},"47":{"start":{"line":145,"column":16},"end":{"line":145,"column":70},"skip":true},"48":{"start":{"line":149,"column":8},"end":{"line":149,"column":31},"skip":true},"49":{"start":{"line":150,"column":8},"end":{"line":150,"column":14},"skip":true},"50":{"start":{"line":158,"column":8},"end":{"line":158,"column":31},"skip":true},"51":{"start":{"line":160,"column":8},"end":{"line":160,"column":33},"skip":true},"52":{"start":{"line":161,"column":8},"end":{"line":161,"column":37},"skip":true},"53":{"start":{"line":162,"column":8},"end":{"line":162,"column":35},"skip":true},"54":{"start":{"line":164,"column":8},"end":{"line":164,"column":50},"skip":true},"55":{"start":{"line":166,"column":8},"end":{"line":256,"column":2},"skip":true},"56":{"start":{"line":258,"column":8},"end":{"line":286,"column":9},"skip":true},"57":{"start":{"line":259,"column":12},"end":{"line":269,"column":14},"skip":true},"58":{"start":{"line":271,"column":12},"end":{"line":285,"column":19},"skip":true},"59":{"start":{"line":274,"column":20},"end":{"line":274,"column":35},"skip":true},"60":{"start":{"line":275,"column":20},"end":{"line":284,"column":21},"skip":true},"61":{"start":{"line":277,"column":24},"end":{"line":277,"column":64},"skip":true},"62":{"start":{"line":279,"column":24},"end":{"line":279,"column":40},"skip":true},"63":{"start":{"line":281,"column":24},"end":{"line":281,"column":40},"skip":true},"64":{"start":{"line":283,"column":24},"end":{"line":283,"column":39},"skip":true},"65":{"start":{"line":288,"column":8},"end":{"line":290,"column":9},"skip":true},"66":{"start":{"line":289,"column":12},"end":{"line":289,"column":18},"skip":true},"67":{"start":{"line":291,"column":8},"end":{"line":293,"column":54},"skip":true},"68":{"start":{"line":294,"column":8},"end":{"line":301,"column":37},"skip":true},"69":{"start":{"line":302,"column":8},"end":{"line":302,"column":82},"skip":true},"70":{"start":{"line":305,"column":8},"end":{"line":307,"column":9},"skip":true},"71":{"start":{"line":306,"column":12},"end":{"line":306,"column":82},"skip":true},"72":{"start":{"line":309,"column":8},"end":{"line":311,"column":9},"skip":true},"73":{"start":{"line":310,"column":12},"end":{"line":310,"column":18},"skip":true},"74":{"start":{"line":312,"column":8},"end":{"line":312,"column":54},"skip":true},"75":{"start":{"line":313,"column":8},"end":{"line":313,"column":69},"skip":true},"76":{"start":{"line":314,"column":8},"end":{"line":322,"column":36},"skip":true},"77":{"start":{"line":315,"column":12},"end":{"line":315,"column":61},"skip":true},"78":{"start":{"line":316,"column":12},"end":{"line":319,"column":13},"skip":true},"79":{"start":{"line":317,"column":16},"end":{"line":317,"column":75},"skip":true},"80":{"start":{"line":318,"column":16},"end":{"line":318,"column":23},"skip":true},"81":{"start":{"line":320,"column":12},"end":{"line":320,"column":38},"skip":true},"82":{"start":{"line":321,"column":12},"end":{"line":321,"column":27},"skip":true},"83":{"start":{"line":323,"column":8},"end":{"line":323,"column":14},"skip":true}},"branchMap":{"1":{"line":39,"type":"binary-expr","locations":[{"start":{"line":39,"column":23},"end":{"line":39,"column":62}},{"start":{"line":40,"column":20},"end":{"line":40,"column":70}},{"start":{"line":41,"column":20},"end":{"line":41,"column":71}},{"start":{"line":42,"column":20},"end":{"line":42,"column":29}}]},"2":{"line":44,"type":"binary-expr","locations":[{"start":{"line":44,"column":23},"end":{"line":44,"column":37}},{"start":{"line":45,"column":20},"end":{"line":45,"column":61}},{"start":{"line":46,"column":20},"end":{"line":46,"column":70}},{"start":{"line":47,"column":20},"end":{"line":47,"column":26}}]},"3":{"line":51,"type":"cond-expr","locations":[{"start":{"line":52,"column":14},"end":{"line":52,"column":20}},{"start":{"line":53,"column":14},"end":{"line":53,"column":20}}]},"4":{"line":55,"type":"binary-expr","locations":[{"start":{"line":55,"column":16},"end":{"line":55,"column":44}},{"start":{"line":55,"column":49},"end":{"line":57,"column":43}}]},"5":{"line":55,"type":"cond-expr","locations":[{"start":{"line":56,"column":14},"end":{"line":56,"column":57}},{"start":{"line":57,"column":14},"end":{"line":57,"column":43}}]},"6":{"line":61,"type":"switch","locations":[{"start":{"line":68,"column":4},"end":{"line":150,"column":14},"skip":true},{"start":{"line":156,"column":4},"end":{"line":323,"column":14},"skip":true}]},"7":{"line":70,"type":"if","locations":[{"start":{"line":70,"column":12},"end":{"line":70,"column":12},"skip":true},{"start":{"line":70,"column":12},"end":{"line":70,"column":12},"skip":true}]},"8":{"line":70,"type":"binary-expr","locations":[{"start":{"line":70,"column":16},"end":{"line":70,"column":22},"skip":true},{"start":{"line":70,"column":27},"end":{"line":70,"column":32},"skip":true},{"start":{"line":71,"column":20},"end":{"line":71,"column":39},"skip":true},{"start":{"line":72,"column":20},"end":{"line":72,"column":49},"skip":true},{"start":{"line":73,"column":20},"end":{"line":73,"column":58},"skip":true},{"start":{"line":74,"column":20},"end":{"line":74,"column":69},"skip":true}]},"9":{"line":79,"type":"switch","locations":[{"start":{"line":80,"column":20},"end":{"line":80,"column":33},"skip":true},{"start":{"line":81,"column":20},"end":{"line":83,"column":30},"skip":true},{"start":{"line":84,"column":20},"end":{"line":85,"column":49},"skip":true}]},"10":{"line":89,"type":"switch","locations":[{"start":{"line":90,"column":12},"end":{"line":103,"column":22},"skip":true},{"start":{"line":105,"column":12},"end":{"line":106,"column":22},"skip":true}]},"11":{"line":89,"type":"binary-expr","locations":[{"start":{"line":89,"column":20},"end":{"line":89,"column":25},"skip":true},{"start":{"line":89,"column":29},"end":{"line":89,"column":48},"skip":true},{"start":{"line":89,"column":52},"end":{"line":89,"column":74},"skip":true}]},"12":{"line":92,"type":"if","locations":[{"start":{"line":92,"column":16},"end":{"line":92,"column":16},"skip":true},{"start":{"line":92,"column":16},"end":{"line":92,"column":16},"skip":true}]},"13":{"line":108,"type":"if","locations":[{"start":{"line":108,"column":12},"end":{"line":108,"column":12},"skip":true},{"start":{"line":108,"column":12},"end":{"line":108,"column":12},"skip":true}]},"14":{"line":108,"type":"binary-expr","locations":[{"start":{"line":108,"column":16},"end":{"line":108,"column":61},"skip":true},{"start":{"line":108,"column":66},"end":{"line":108,"column":72},"skip":true},{"start":{"line":108,"column":77},"end":{"line":108,"column":82},"skip":true},{"start":{"line":109,"column":20},"end":{"line":109,"column":39},"skip":true},{"start":{"line":110,"column":20},"end":{"line":110,"column":49},"skip":true},{"start":{"line":111,"column":20},"end":{"line":111,"column":58},"skip":true},{"start":{"line":112,"column":20},"end":{"line":112,"column":68},"skip":true}]},"15":{"line":129,"type":"if","locations":[{"start":{"line":129,"column":16},"end":{"line":129,"column":16},"skip":true},{"start":{"line":129,"column":16},"end":{"line":129,"column":16},"skip":true}]},"16":{"line":134,"type":"cond-expr","locations":[{"start":{"line":135,"column":26},"end":{"line":135,"column":29},"skip":true},{"start":{"line":136,"column":26},"end":{"line":136,"column":54},"skip":true}]},"17":{"line":164,"type":"binary-expr","locations":[{"start":{"line":164,"column":27},"end":{"line":164,"column":43},"skip":true},{"start":{"line":164,"column":47},"end":{"line":164,"column":49},"skip":true}]},"18":{"line":258,"type":"if","locations":[{"start":{"line":258,"column":8},"end":{"line":258,"column":8},"skip":true},{"start":{"line":258,"column":8},"end":{"line":258,"column":8},"skip":true}]},"19":{"line":275,"type":"switch","locations":[{"start":{"line":276,"column":20},"end":{"line":277,"column":64},"skip":true},{"start":{"line":278,"column":20},"end":{"line":279,"column":40},"skip":true},{"start":{"line":280,"column":20},"end":{"line":281,"column":40},"skip":true},{"start":{"line":282,"column":20},"end":{"line":283,"column":39},"skip":true}]},"20":{"line":288,"type":"if","locations":[{"start":{"line":288,"column":8},"end":{"line":288,"column":8},"skip":true},{"start":{"line":288,"column":8},"end":{"line":288,"column":8},"skip":true}]},"21":{"line":288,"type":"binary-expr","locations":[{"start":{"line":288,"column":12},"end":{"line":288,"column":40},"skip":true},{"start":{"line":288,"column":44},"end":{"line":288,"column":67},"skip":true}]},"22":{"line":292,"type":"binary-expr","locations":[{"start":{"line":292,"column":12},"end":{"line":292,"column":50},"skip":true},{"start":{"line":293,"column":12},"end":{"line":293,"column":53},"skip":true}]},"23":{"line":295,"type":"binary-expr","locations":[{"start":{"line":295,"column":12},"end":{"line":295,"column":71},"skip":true},{"start":{"line":296,"column":12},"end":{"line":301,"column":36},"skip":true}]},"24":{"line":302,"type":"binary-expr","locations":[{"start":{"line":302,"column":43},"end":{"line":302,"column":75},"skip":true},{"start":{"line":302,"column":79},"end":{"line":302,"column":81},"skip":true}]},"25":{"line":305,"type":"if","locations":[{"start":{"line":305,"column":8},"end":{"line":305,"column":8},"skip":true},{"start":{"line":305,"column":8},"end":{"line":305,"column":8},"skip":true}]},"26":{"line":309,"type":"if","locations":[{"start":{"line":309,"column":8},"end":{"line":309,"column":8},"skip":true},{"start":{"line":309,"column":8},"end":{"line":309,"column":8},"skip":true}]},"27":{"line":312,"type":"binary-expr","locations":[{"start":{"line":312,"column":27},"end":{"line":312,"column":43},"skip":true},{"start":{"line":312,"column":47},"end":{"line":312,"column":53},"skip":true}]},"28":{"line":316,"type":"if","locations":[{"start":{"line":316,"column":12},"end":{"line":316,"column":12},"skip":true},{"start":{"line":316,"column":12},"end":{"line":316,"column":12},"skip":true}]}},"code":["/*","example.js","","quickstart example","","instruction","    1. save this script as example.js","    2. run the shell command:","        $ npm install npmtest-html-entities && PORT=8081 node example.js","    3. play with the browser-demo on http://127.0.0.1:8081","*/","","","","/* istanbul instrument in package npmtest_html_entities */","/*jslint","    bitwise: true,","    browser: true,","    maxerr: 8,","    maxlen: 96,","    node: true,","    nomen: true,","    regexp: true,","    stupid: true","*/","(function () {","    'use strict';","    var local;","","","","    // run shared js-env code - pre-init","    (function () {","        // init local","        local = {};","        // init modeJs","        local.modeJs = (function () {","            try {","                return typeof navigator.userAgent === 'string' &&","                    typeof document.querySelector('body') === 'object' &&","                    typeof XMLHttpRequest.prototype.open === 'function' &&","                    'browser';","            } catch (errorCaughtBrowser) {","                return module.exports &&","                    typeof process.versions.node === 'string' &&","                    typeof require('http').createServer === 'function' &&","                    'node';","            }","        }());","        // init global","        local.global = local.modeJs === 'browser'","            ? window","            : global;","        // init utility2_rollup","        local = local.global.utility2_rollup || (local.modeJs === 'browser'","            ? local.global.utility2_npmtest_html_entities","            : global.utility2_moduleExports);","        // export local","        local.global.local = local;","    }());","    switch (local.modeJs) {","","","","    // post-init","    // run browser js-env code - post-init","    /* istanbul ignore next */","    case 'browser':","        local.testRunBrowser = function (event) {","            if (!event || (event &&","                    event.currentTarget &&","                    event.currentTarget.className &&","                    event.currentTarget.className.includes &&","                    event.currentTarget.className.includes('onreset'))) {","                // reset output","                Array.from(","                    document.querySelectorAll('body > .resettable')","                ).forEach(function (element) {","                    switch (element.tagName) {","                    case 'INPUT':","                    case 'TEXTAREA':","                        element.value = '';","                        break;","                    default:","                        element.textContent = '';","                    }","                });","            }","            switch (event && event.currentTarget && event.currentTarget.id) {","            case 'testRunButton1':","                // show tests","                if (document.querySelector('#testReportDiv1').style.display === 'none') {","                    document.querySelector('#testReportDiv1').style.display = 'block';","                    document.querySelector('#testRunButton1').textContent =","                        'hide internal test';","                    local.modeTest = true;","                    local.testRunDefault(local);","                // hide tests","                } else {","                    document.querySelector('#testReportDiv1').style.display = 'none';","                    document.querySelector('#testRunButton1').textContent = 'run internal test';","                }","                break;","            // custom-case","            default:","                break;","            }","            if (document.querySelector('#inputTextareaEval1') && (!event || (event &&","                    event.currentTarget &&","                    event.currentTarget.className &&","                    event.currentTarget.className.includes &&","                    event.currentTarget.className.includes('oneval')))) {","                // try to eval input-code","                try {","                    /*jslint evil: true*/","                    eval(document.querySelector('#inputTextareaEval1').value);","                } catch (errorCaught) {","                    console.error(errorCaught.stack);","                }","            }","        };","        // log stderr and stdout to #outputTextareaStdout1","        ['error', 'log'].forEach(function (key) {","            console[key + '_original'] = console[key];","            console[key] = function () {","                var element;","                console[key + '_original'].apply(console, arguments);","                element = document.querySelector('#outputTextareaStdout1');","                if (!element) {","                    return;","                }","                // append text to #outputTextareaStdout1","                element.value += Array.from(arguments).map(function (arg) {","                    return typeof arg === 'string'","                        ? arg","                        : JSON.stringify(arg, null, 4);","                }).join(' ') + '\\n';","                // scroll textarea to bottom","                element.scrollTop = element.scrollHeight;","            };","        });","        // init event-handling","        ['change', 'click', 'keyup'].forEach(function (event) {","            Array.from(document.querySelectorAll('.on' + event)).forEach(function (element) {","                element.addEventListener(event, local.testRunBrowser);","            });","        });","        // run tests","        local.testRunBrowser();","        break;","","","","    // run node js-env code - post-init","    /* istanbul ignore next */","    case 'node':","        // export local","        module.exports = local;","        // require modules","        local.fs = require('fs');","        local.http = require('http');","        local.url = require('url');","        // init assets","        local.assetsDict = local.assetsDict || {};","        /* jslint-ignore-begin */","        local.assetsDict['/assets.index.template.html'] = '\\","<!doctype html>\\n\\","<html lang=\"en\">\\n\\","<head>\\n\\","<meta charset=\"UTF-8\">\\n\\","<meta name=\"viewport\" content=\"width=device-width, initial-scale=1\">\\n\\","<title>{{env.npm_package_name}} (v{{env.npm_package_version}})</title>\\n\\","<style>\\n\\","/*csslint\\n\\","    box-sizing: false,\\n\\","    universal-selector: false\\n\\","*/\\n\\","* {\\n\\","    box-sizing: border-box;\\n\\","}\\n\\","body {\\n\\","    background: #dde;\\n\\","    font-family: Arial, Helvetica, sans-serif;\\n\\","    margin: 2rem;\\n\\","}\\n\\","body > * {\\n\\","    margin-bottom: 1rem;\\n\\","}\\n\\",".utility2FooterDiv {\\n\\","    margin-top: 20px;\\n\\","    text-align: center;\\n\\","}\\n\\","</style>\\n\\","<style>\\n\\","/*csslint\\n\\","*/\\n\\","textarea {\\n\\","    font-family: monospace;\\n\\","    height: 10rem;\\n\\","    width: 100%;\\n\\","}\\n\\","textarea[readonly] {\\n\\","    background: #ddd;\\n\\","}\\n\\","</style>\\n\\","</head>\\n\\","<body>\\n\\","<!-- utility2-comment\\n\\","<div id=\"ajaxProgressDiv1\" style=\"background: #d00; height: 2px; left: 0; margin: 0; padding: 0; position: fixed; top: 0; transition: background 0.5s, width 1.5s; width: 25%;\"></div>\\n\\","utility2-comment -->\\n\\","<h1>\\n\\","<!-- utility2-comment\\n\\","    <a\\n\\","        {{#if env.npm_package_homepage}}\\n\\","        href=\"{{env.npm_package_homepage}}\"\\n\\","        {{/if env.npm_package_homepage}}\\n\\","        target=\"_blank\"\\n\\","    >\\n\\","utility2-comment -->\\n\\","        {{env.npm_package_name}} (v{{env.npm_package_version}})\\n\\","<!-- utility2-comment\\n\\","    </a>\\n\\","utility2-comment -->\\n\\","</h1>\\n\\","<h3>{{env.npm_package_description}}</h3>\\n\\","<!-- utility2-comment\\n\\","<h4><a download href=\"assets.app.js\">download standalone app</a></h4>\\n\\","<button class=\"onclick onreset\" id=\"testRunButton1\">run internal test</button><br>\\n\\","<div id=\"testReportDiv1\" style=\"display: none;\"></div>\\n\\","utility2-comment -->\\n\\","\\n\\","\\n\\","\\n\\","<label>stderr and stdout</label>\\n\\","<textarea class=\"resettable\" id=\"outputTextareaStdout1\" readonly></textarea>\\n\\","<!-- utility2-comment\\n\\","{{#if isRollup}}\\n\\","<script src=\"assets.app.js\"></script>\\n\\","{{#unless isRollup}}\\n\\","utility2-comment -->\\n\\","<script src=\"assets.utility2.rollup.js\"></script>\\n\\","<script src=\"jsonp.utility2._stateInit?callback=window.utility2._stateInit\"></script>\\n\\","<script src=\"assets.npmtest_html_entities.rollup.js\"></script>\\n\\","<script src=\"assets.example.js\"></script>\\n\\","<script src=\"assets.test.js\"></script>\\n\\","<!-- utility2-comment\\n\\","{{/if isRollup}}\\n\\","utility2-comment -->\\n\\","<div class=\"utility2FooterDiv\">\\n\\","    [ this app was created with\\n\\","    <a href=\"https://github.com/kaizhu256/node-utility2\" target=\"_blank\">utility2</a>\\n\\","    ]\\n\\","</div>\\n\\","</body>\\n\\","</html>\\n\\","';","        /* jslint-ignore-end */","        if (local.templateRender) {","            local.assetsDict['/'] = local.templateRender(","                local.assetsDict['/assets.index.template.html'],","                {","                    env: local.objectSetDefault(local.env, {","                        npm_package_description: 'the greatest app in the world!',","                        npm_package_name: 'my-app',","                        npm_package_nameAlias: 'my_app',","                        npm_package_version: '0.0.1'","                    })","                }","            );","        } else {","            local.assetsDict['/'] = local.assetsDict['/assets.index.template.html']","                .replace((/\\{\\{env\\.(\\w+?)\\}\\}/g), function (match0, match1) {","                    // jslint-hack","                    String(match0);","                    switch (match1) {","                    case 'npm_package_description':","                        return 'the greatest app in the world!';","                    case 'npm_package_name':","                        return 'my-app';","                    case 'npm_package_nameAlias':","                        return 'my_app';","                    case 'npm_package_version':","                        return '0.0.1';","                    }","                });","        }","        // run the cli","        if (local.global.utility2_rollup || module !== require.main) {","            break;","        }","        local.assetsDict['/assets.example.js'] =","            local.assetsDict['/assets.example.js'] ||","            local.fs.readFileSync(__filename, 'utf8');","        local.assetsDict['/assets.npmtest_html_entities.rollup.js'] =","            local.assetsDict['/assets.npmtest_html_entities.rollup.js'] ||","            local.fs.readFileSync(","                // buildCustomOrg-hack","                local.npmtest_html_entities.__dirname +","                    '/lib.npmtest_html_entities.js',","                'utf8'","            ).replace((/^#!/), '//');","        local.assetsDict['/favicon.ico'] = local.assetsDict['/favicon.ico'] || '';","        // if $npm_config_timeout_exit exists,","        // then exit this process after $npm_config_timeout_exit ms","        if (Number(process.env.npm_config_timeout_exit)) {","            setTimeout(process.exit, Number(process.env.npm_config_timeout_exit));","        }","        // start server","        if (local.global.utility2_serverHttp1) {","            break;","        }","        process.env.PORT = process.env.PORT || '8081';","        console.error('server starting on port ' + process.env.PORT);","        local.http.createServer(function (request, response) {","            request.urlParsed = local.url.parse(request.url);","            if (local.assetsDict[request.urlParsed.pathname] !== undefined) {","                response.end(local.assetsDict[request.urlParsed.pathname]);","                return;","            }","            response.statusCode = 404;","            response.end();","        }).listen(process.env.PORT);","        break;","    }","}());",""],"l":{"26":2,"28":2,"33":2,"35":2,"37":2,"38":2,"39":2,"44":1,"51":2,"55":2,"59":2,"61":2,"69":1,"70":2,"76":2,"79":2,"82":2,"83":2,"85":1,"89":2,"92":1,"93":1,"94":1,"96":1,"97":1,"100":1,"101":1,"103":1,"106":1,"108":2,"114":1,"116":1,"118":1,"123":1,"124":2,"125":2,"126":2,"127":2,"128":2,"129":2,"130":1,"133":2,"134":2,"139":2,"143":1,"144":3,"145":1,"149":1,"150":1,"158":1,"160":1,"161":1,"162":1,"164":1,"166":1,"258":1,"259":1,"271":1,"274":6,"275":6,"277":1,"279":2,"281":1,"283":2,"288":1,"289":1,"291":1,"294":1,"302":1,"305":1,"306":1,"309":1,"310":1,"312":1,"313":1,"314":1,"315":1,"316":1,"317":1,"318":1,"320":1,"321":1,"323":1}},"/home/travis/build/npmtest/node-npmtest-html-entities/html-entities/index.js":{"path":"/home/travis/build/npmtest/node-npmtest-html-entities/html-entities/index.js","s":{"1":1},"b":{},"f":{},"fnMap":{},"statementMap":{"1":{"start":{"line":1,"column":0},"end":{"line":6,"column":2}}},"branchMap":{},"code":["module.exports = {","  XmlEntities: require('./lib/xml-entities.js'),","  Html4Entities: require('./lib/html4-entities.js'),","  Html5Entities: require('./lib/html5-entities.js'),","  AllHtmlEntities: require('./lib/html5-entities.js')","};",""],"l":{"1":1}},"/home/travis/build/npmtest/node-npmtest-html-entities/html-entities/lib/xml-entities.js":{"path":"/home/travis/build/npmtest/node-npmtest-html-entities/html-entities/lib/xml-entities.js","s":{"1":1,"2":1,"3":1,"4":1,"5":1,"6":0,"7":0,"8":0,"9":0,"10":1,"11":0,"12":1,"13":0,"14":0,"15":0,"16":0,"17":0,"18":0,"19":0,"20":0,"21":0,"22":1,"23":0,"24":1,"25":0,"26":0,"27":0,"28":0,"29":0,"30":0,"31":0,"32":0,"33":0,"34":0,"35":0,"36":0,"37":0,"38":0,"39":0,"40":0,"41":0,"42":1,"43":0,"44":1,"45":0,"46":0,"47":0,"48":0,"49":0,"50":0,"51":0,"52":0,"53":0,"54":0,"55":0,"56":0,"57":0,"58":1,"59":0,"60":1},"b":{"1":[0,0],"2":[0,0],"3":[0,0],"4":[0,0],"5":[0,0],"6":[0,0,0],"7":[0,0],"8":[0,0],"9":[0,0],"10":[0,0],"11":[0,0],"12":[0,0],"13":[0,0]},"f":{"1":0,"2":0,"3":0,"4":0,"5":0,"6":0,"7":0,"8":0,"9":0,"10":0,"11":0},"fnMap":{"1":{"name":"XmlEntities","line":33,"loc":{"start":{"line":33,"column":0},"end":{"line":33,"column":23}}},"2":{"name":"(anonymous_2)","line":39,"loc":{"start":{"line":39,"column":31},"end":{"line":39,"column":45}}},"3":{"name":"(anonymous_3)","line":43,"loc":{"start":{"line":43,"column":37},"end":{"line":43,"column":49}}},"4":{"name":"(anonymous_4)","line":52,"loc":{"start":{"line":52,"column":22},"end":{"line":52,"column":36}}},"5":{"name":"(anonymous_5)","line":60,"loc":{"start":{"line":60,"column":31},"end":{"line":60,"column":45}}},"6":{"name":"(anonymous_6)","line":64,"loc":{"start":{"line":64,"column":45},"end":{"line":64,"column":57}}},"7":{"name":"(anonymous_7)","line":83,"loc":{"start":{"line":83,"column":22},"end":{"line":83,"column":36}}},"8":{"name":"(anonymous_8)","line":91,"loc":{"start":{"line":91,"column":37},"end":{"line":91,"column":51}}},"9":{"name":"(anonymous_9)","line":120,"loc":{"start":{"line":120,"column":28},"end":{"line":120,"column":42}}},"10":{"name":"(anonymous_10)","line":128,"loc":{"start":{"line":128,"column":39},"end":{"line":128,"column":53}}},"11":{"name":"(anonymous_11)","line":151,"loc":{"start":{"line":151,"column":30},"end":{"line":151,"column":44}}}},"statementMap":{"1":{"start":{"line":1,"column":0},"end":{"line":12,"column":2}},"2":{"start":{"line":14,"column":0},"end":{"line":20,"column":2}},"3":{"start":{"line":22,"column":0},"end":{"line":28,"column":2}},"4":{"start":{"line":33,"column":0},"end":{"line":33,"column":25}},"5":{"start":{"line":39,"column":0},"end":{"line":46,"column":2}},"6":{"start":{"line":40,"column":4},"end":{"line":42,"column":5}},"7":{"start":{"line":41,"column":8},"end":{"line":41,"column":18}},"8":{"start":{"line":43,"column":4},"end":{"line":45,"column":7}},"9":{"start":{"line":44,"column":8},"end":{"line":44,"column":31}},"10":{"start":{"line":52,"column":1},"end":{"line":54,"column":3}},"11":{"start":{"line":53,"column":4},"end":{"line":53,"column":41}},"12":{"start":{"line":60,"column":0},"end":{"line":77,"column":2}},"13":{"start":{"line":61,"column":4},"end":{"line":63,"column":5}},"14":{"start":{"line":62,"column":8},"end":{"line":62,"column":18}},"15":{"start":{"line":64,"column":4},"end":{"line":76,"column":7}},"16":{"start":{"line":65,"column":8},"end":{"line":74,"column":9}},"17":{"start":{"line":66,"column":12},"end":{"line":68,"column":38}},"18":{"start":{"line":70,"column":12},"end":{"line":72,"column":13}},"19":{"start":{"line":71,"column":16},"end":{"line":71,"column":26}},"20":{"start":{"line":73,"column":12},"end":{"line":73,"column":45}},"21":{"start":{"line":75,"column":8},"end":{"line":75,"column":35}},"22":{"start":{"line":83,"column":1},"end":{"line":85,"column":3}},"23":{"start":{"line":84,"column":4},"end":{"line":84,"column":41}},"24":{"start":{"line":91,"column":0},"end":{"line":114,"column":2}},"25":{"start":{"line":92,"column":4},"end":{"line":92,"column":31}},"26":{"start":{"line":93,"column":4},"end":{"line":95,"column":5}},"27":{"start":{"line":94,"column":8},"end":{"line":94,"column":18}},"28":{"start":{"line":96,"column":4},"end":{"line":96,"column":20}},"29":{"start":{"line":97,"column":4},"end":{"line":97,"column":14}},"30":{"start":{"line":98,"column":4},"end":{"line":112,"column":5}},"31":{"start":{"line":99,"column":8},"end":{"line":99,"column":34}},"32":{"start":{"line":100,"column":8},"end":{"line":100,"column":34}},"33":{"start":{"line":101,"column":8},"end":{"line":105,"column":9}},"34":{"start":{"line":102,"column":12},"end":{"line":102,"column":40}},"35":{"start":{"line":103,"column":12},"end":{"line":103,"column":16}},"36":{"start":{"line":104,"column":12},"end":{"line":104,"column":21}},"37":{"start":{"line":106,"column":8},"end":{"line":110,"column":9}},"38":{"start":{"line":107,"column":12},"end":{"line":107,"column":37}},"39":{"start":{"line":109,"column":12},"end":{"line":109,"column":36}},"40":{"start":{"line":111,"column":8},"end":{"line":111,"column":12}},"41":{"start":{"line":113,"column":4},"end":{"line":113,"column":18}},"42":{"start":{"line":120,"column":1},"end":{"line":122,"column":3}},"43":{"start":{"line":121,"column":4},"end":{"line":121,"column":47}},"44":{"start":{"line":128,"column":0},"end":{"line":145,"column":2}},"45":{"start":{"line":129,"column":4},"end":{"line":129,"column":31}},"46":{"start":{"line":130,"column":4},"end":{"line":132,"column":5}},"47":{"start":{"line":131,"column":8},"end":{"line":131,"column":18}},"48":{"start":{"line":133,"column":4},"end":{"line":133,"column":20}},"49":{"start":{"line":134,"column":4},"end":{"line":134,"column":14}},"50":{"start":{"line":135,"column":4},"end":{"line":143,"column":5}},"51":{"start":{"line":136,"column":8},"end":{"line":136,"column":34}},"52":{"start":{"line":137,"column":8},"end":{"line":140,"column":9}},"53":{"start":{"line":138,"column":12},"end":{"line":138,"column":31}},"54":{"start":{"line":139,"column":12},"end":{"line":139,"column":21}},"55":{"start":{"line":141,"column":8},"end":{"line":141,"column":33}},"56":{"start":{"line":142,"column":8},"end":{"line":142,"column":12}},"57":{"start":{"line":144,"column":4},"end":{"line":144,"column":18}},"58":{"start":{"line":151,"column":1},"end":{"line":153,"column":3}},"59":{"start":{"line":152,"column":4},"end":{"line":152,"column":49}},"60":{"start":{"line":155,"column":0},"end":{"line":155,"column":29}}},"branchMap":{"1":{"line":40,"type":"if","locations":[{"start":{"line":40,"column":4},"end":{"line":40,"column":4}},{"start":{"line":40,"column":4},"end":{"line":40,"column":4}}]},"2":{"line":61,"type":"if","locations":[{"start":{"line":61,"column":4},"end":{"line":61,"column":4}},{"start":{"line":61,"column":4},"end":{"line":61,"column":4}}]},"3":{"line":65,"type":"if","locations":[{"start":{"line":65,"column":8},"end":{"line":65,"column":8}},{"start":{"line":65,"column":8},"end":{"line":65,"column":8}}]},"4":{"line":66,"type":"cond-expr","locations":[{"start":{"line":67,"column":16},"end":{"line":67,"column":41}},{"start":{"line":68,"column":16},"end":{"line":68,"column":37}}]},"5":{"line":70,"type":"if","locations":[{"start":{"line":70,"column":12},"end":{"line":70,"column":12}},{"start":{"line":70,"column":12},"end":{"line":70,"column":12}}]},"6":{"line":70,"type":"binary-expr","locations":[{"start":{"line":70,"column":16},"end":{"line":70,"column":27}},{"start":{"line":70,"column":31},"end":{"line":70,"column":44}},{"start":{"line":70,"column":48},"end":{"line":70,"column":60}}]},"7":{"line":75,"type":"binary-expr","locations":[{"start":{"line":75,"column":15},"end":{"line":75,"column":29}},{"start":{"line":75,"column":33},"end":{"line":75,"column":34}}]},"8":{"line":93,"type":"if","locations":[{"start":{"line":93,"column":4},"end":{"line":93,"column":4}},{"start":{"line":93,"column":4},"end":{"line":93,"column":4}}]},"9":{"line":101,"type":"if","locations":[{"start":{"line":101,"column":8},"end":{"line":101,"column":8}},{"start":{"line":101,"column":8},"end":{"line":101,"column":8}}]},"10":{"line":106,"type":"if","locations":[{"start":{"line":106,"column":8},"end":{"line":106,"column":8}},{"start":{"line":106,"column":8},"end":{"line":106,"column":8}}]},"11":{"line":106,"type":"binary-expr","locations":[{"start":{"line":106,"column":12},"end":{"line":106,"column":18}},{"start":{"line":106,"column":22},"end":{"line":106,"column":29}}]},"12":{"line":130,"type":"if","locations":[{"start":{"line":130,"column":4},"end":{"line":130,"column":4}},{"start":{"line":130,"column":4},"end":{"line":130,"column":4}}]},"13":{"line":137,"type":"if","locations":[{"start":{"line":137,"column":8},"end":{"line":137,"column":8}},{"start":{"line":137,"column":8},"end":{"line":137,"column":8}}]}},"code":["var ALPHA_INDEX = {","    '&lt': '<',","    '&gt': '>',","    '&quot': '\"',","    '&apos': '\\'',","    '&amp': '&',","    '&lt;': '<',","    '&gt;': '>',","    '&quot;': '\"',","    '&apos;': '\\'',","    '&amp;': '&'","};","","var CHAR_INDEX = {","    60: 'lt',","    62: 'gt',","    34: 'quot',","    39: 'apos',","    38: 'amp'","};","","var CHAR_S_INDEX = {","    '<': '&lt;',","    '>': '&gt;',","    '\"': '&quot;',","    '\\'': '&apos;',","    '&': '&amp;'","};","","/**"," * @constructor"," */","function XmlEntities() {}","","/**"," * @param {String} str"," * @returns {String}"," */","XmlEntities.prototype.encode = function(str) {","    if (str.length === 0) {","        return '';","    }","    return str.replace(/<|>|\"|'|&/g, function(s) {","        return CHAR_S_INDEX[s];","    });","};","","/**"," * @param {String} str"," * @returns {String}"," */"," XmlEntities.encode = function(str) {","    return new XmlEntities().encode(str);"," };","","/**"," * @param {String} str"," * @returns {String}"," */","XmlEntities.prototype.decode = function(str) {","    if (str.length === 0) {","        return '';","    }","    return str.replace(/&#?[0-9a-zA-Z]+;?/g, function(s) {","        if (s.charAt(1) === '#') {","            var code = s.charAt(2).toLowerCase() === 'x' ?","                parseInt(s.substr(3), 16) :","                parseInt(s.substr(2));","","            if (isNaN(code) || code < -32768 || code > 65535) {","                return '';","            }","            return String.fromCharCode(code);","        }","        return ALPHA_INDEX[s] || s;","    });","};","","/**"," * @param {String} str"," * @returns {String}"," */"," XmlEntities.decode = function(str) {","    return new XmlEntities().decode(str);"," };","","/**"," * @param {String} str"," * @returns {String}"," */","XmlEntities.prototype.encodeNonUTF = function(str) {","    var strLength = str.length;","    if (strLength === 0) {","        return '';","    }","    var result = '';","    var i = 0;","    while (i < strLength) {","        var c = str.charCodeAt(i);","        var alpha = CHAR_INDEX[c];","        if (alpha) {","            result += \"&\" + alpha + \";\";","            i++;","            continue;","        }","        if (c < 32 || c > 126) {","            result += '&#' + c + ';';","        } else {","            result += str.charAt(i);","        }","        i++;","    }","    return result;","};","","/**"," * @param {String} str"," * @returns {String}"," */"," XmlEntities.encodeNonUTF = function(str) {","    return new XmlEntities().encodeNonUTF(str);"," };","","/**"," * @param {String} str"," * @returns {String}"," */","XmlEntities.prototype.encodeNonASCII = function(str) {","    var strLenght = str.length;","    if (strLenght === 0) {","        return '';","    }","    var result = '';","    var i = 0;","    while (i < strLenght) {","        var c = str.charCodeAt(i);","        if (c <= 255) {","            result += str[i++];","            continue;","        }","        result += '&#' + c + ';';","        i++;","    }","    return result;","};","","/**"," * @param {String} str"," * @returns {String}"," */"," XmlEntities.encodeNonASCII = function(str) {","    return new XmlEntities().encodeNonASCII(str);"," };","","module.exports = XmlEntities;",""],"l":{"1":1,"14":1,"22":1,"33":1,"39":1,"40":0,"41":0,"43":0,"44":0,"52":1,"53":0,"60":1,"61":0,"62":0,"64":0,"65":0,"66":0,"70":0,"71":0,"73":0,"75":0,"83":1,"84":0,"91":1,"92":0,"93":0,"94":0,"96":0,"97":0,"98":0,"99":0,"100":0,"101":0,"102":0,"103":0,"104":0,"106":0,"107":0,"109":0,"111":0,"113":0,"120":1,"121":0,"128":1,"129":0,"130":0,"131":0,"133":0,"134":0,"135":0,"136":0,"137":0,"138":0,"139":0,"141":0,"142":0,"144":0,"151":1,"152":0,"155":1}},"/home/travis/build/npmtest/node-npmtest-html-entities/html-entities/lib/html4-entities.js":{"path":"/home/travis/build/npmtest/node-npmtest-html-entities/html-entities/lib/html4-entities.js","s":{"1":1,"2":1,"3":1,"4":1,"5":1,"6":1,"7":1,"8":253,"9":253,"10":253,"11":253,"12":253,"13":1,"14":1,"15":0,"16":0,"17":0,"18":0,"19":0,"20":0,"21":0,"22":0,"23":0,"24":0,"25":1,"26":0,"27":1,"28":0,"29":0,"30":0,"31":0,"32":0,"33":0,"34":0,"35":0,"36":0,"37":0,"38":1,"39":0,"40":1,"41":0,"42":0,"43":0,"44":0,"45":0,"46":0,"47":0,"48":0,"49":0,"50":0,"51":0,"52":0,"53":0,"54":0,"55":0,"56":1,"57":0,"58":1,"59":0,"60":0,"61":0,"62":0,"63":0,"64":0,"65":0,"66":0,"67":0,"68":0,"69":0,"70":0,"71":0,"72":1,"73":0,"74":1},"b":{"1":[0,0],"2":[0,0],"3":[0,0],"4":[0,0],"5":[0,0,0],"6":[0,0],"7":[0,0],"8":[0,0],"9":[0,0],"10":[0,0],"11":[0,0],"12":[0,0],"13":[0,0],"14":[0,0]},"f":{"1":0,"2":0,"3":0,"4":0,"5":0,"6":0,"7":0,"8":0,"9":0,"10":0},"fnMap":{"1":{"name":"Html4Entities","line":20,"loc":{"start":{"line":20,"column":0},"end":{"line":20,"column":25}}},"2":{"name":"(anonymous_2)","line":26,"loc":{"start":{"line":26,"column":33},"end":{"line":26,"column":47}}},"3":{"name":"(anonymous_3)","line":30,"loc":{"start":{"line":30,"column":42},"end":{"line":30,"column":62}}},"4":{"name":"(anonymous_4)","line":51,"loc":{"start":{"line":51,"column":23},"end":{"line":51,"column":37}}},"5":{"name":"(anonymous_5)","line":59,"loc":{"start":{"line":59,"column":33},"end":{"line":59,"column":47}}},"6":{"name":"(anonymous_6)","line":78,"loc":{"start":{"line":78,"column":23},"end":{"line":78,"column":37}}},"7":{"name":"(anonymous_7)","line":86,"loc":{"start":{"line":86,"column":39},"end":{"line":86,"column":53}}},"8":{"name":"(anonymous_8)","line":112,"loc":{"start":{"line":112,"column":29},"end":{"line":112,"column":43}}},"9":{"name":"(anonymous_9)","line":120,"loc":{"start":{"line":120,"column":41},"end":{"line":120,"column":55}}},"10":{"name":"(anonymous_10)","line":143,"loc":{"start":{"line":143,"column":31},"end":{"line":143,"column":45}}}},"statementMap":{"1":{"start":{"line":1,"column":0},"end":{"line":1,"column":2198}},"2":{"start":{"line":2,"column":0},"end":{"line":2,"column":1370}},"3":{"start":{"line":4,"column":0},"end":{"line":4,"column":20}},"4":{"start":{"line":5,"column":0},"end":{"line":5,"column":18}},"5":{"start":{"line":7,"column":0},"end":{"line":7,"column":10}},"6":{"start":{"line":8,"column":0},"end":{"line":8,"column":31}},"7":{"start":{"line":9,"column":0},"end":{"line":15,"column":1}},"8":{"start":{"line":10,"column":4},"end":{"line":10,"column":26}},"9":{"start":{"line":11,"column":4},"end":{"line":11,"column":26}},"10":{"start":{"line":12,"column":4},"end":{"line":12,"column":43}},"11":{"start":{"line":13,"column":4},"end":{"line":13,"column":20}},"12":{"start":{"line":14,"column":4},"end":{"line":14,"column":8}},"13":{"start":{"line":20,"column":0},"end":{"line":20,"column":27}},"14":{"start":{"line":26,"column":0},"end":{"line":45,"column":2}},"15":{"start":{"line":27,"column":4},"end":{"line":29,"column":5}},"16":{"start":{"line":28,"column":8},"end":{"line":28,"column":18}},"17":{"start":{"line":30,"column":4},"end":{"line":44,"column":7}},"18":{"start":{"line":31,"column":8},"end":{"line":31,"column":16}},"19":{"start":{"line":32,"column":8},"end":{"line":42,"column":9}},"20":{"start":{"line":33,"column":12},"end":{"line":35,"column":43}},"21":{"start":{"line":37,"column":12},"end":{"line":39,"column":13}},"22":{"start":{"line":38,"column":16},"end":{"line":38,"column":48}},"23":{"start":{"line":41,"column":12},"end":{"line":41,"column":37}},"24":{"start":{"line":43,"column":8},"end":{"line":43,"column":24}},"25":{"start":{"line":51,"column":0},"end":{"line":53,"column":2}},"26":{"start":{"line":52,"column":4},"end":{"line":52,"column":43}},"27":{"start":{"line":59,"column":0},"end":{"line":72,"column":2}},"28":{"start":{"line":60,"column":4},"end":{"line":60,"column":31}},"29":{"start":{"line":61,"column":4},"end":{"line":63,"column":5}},"30":{"start":{"line":62,"column":8},"end":{"line":62,"column":18}},"31":{"start":{"line":64,"column":4},"end":{"line":64,"column":20}},"32":{"start":{"line":65,"column":4},"end":{"line":65,"column":14}},"33":{"start":{"line":66,"column":4},"end":{"line":70,"column":5}},"34":{"start":{"line":67,"column":8},"end":{"line":67,"column":48}},"35":{"start":{"line":68,"column":8},"end":{"line":68,"column":60}},"36":{"start":{"line":69,"column":8},"end":{"line":69,"column":12}},"37":{"start":{"line":71,"column":4},"end":{"line":71,"column":18}},"38":{"start":{"line":78,"column":0},"end":{"line":80,"column":2}},"39":{"start":{"line":79,"column":4},"end":{"line":79,"column":43}},"40":{"start":{"line":86,"column":0},"end":{"line":106,"column":2}},"41":{"start":{"line":87,"column":4},"end":{"line":87,"column":31}},"42":{"start":{"line":88,"column":4},"end":{"line":90,"column":5}},"43":{"start":{"line":89,"column":8},"end":{"line":89,"column":18}},"44":{"start":{"line":91,"column":4},"end":{"line":91,"column":20}},"45":{"start":{"line":92,"column":4},"end":{"line":92,"column":14}},"46":{"start":{"line":93,"column":4},"end":{"line":104,"column":5}},"47":{"start":{"line":94,"column":8},"end":{"line":94,"column":35}},"48":{"start":{"line":95,"column":8},"end":{"line":95,"column":33}},"49":{"start":{"line":96,"column":8},"end":{"line":102,"column":9}},"50":{"start":{"line":97,"column":12},"end":{"line":97,"column":40}},"51":{"start":{"line":98,"column":15},"end":{"line":102,"column":9}},"52":{"start":{"line":99,"column":12},"end":{"line":99,"column":38}},"53":{"start":{"line":101,"column":12},"end":{"line":101,"column":36}},"54":{"start":{"line":103,"column":8},"end":{"line":103,"column":12}},"55":{"start":{"line":105,"column":4},"end":{"line":105,"column":18}},"56":{"start":{"line":112,"column":0},"end":{"line":114,"column":2}},"57":{"start":{"line":113,"column":4},"end":{"line":113,"column":49}},"58":{"start":{"line":120,"column":0},"end":{"line":137,"column":2}},"59":{"start":{"line":121,"column":4},"end":{"line":121,"column":31}},"60":{"start":{"line":122,"column":4},"end":{"line":124,"column":5}},"61":{"start":{"line":123,"column":8},"end":{"line":123,"column":18}},"62":{"start":{"line":125,"column":4},"end":{"line":125,"column":20}},"63":{"start":{"line":126,"column":4},"end":{"line":126,"column":14}},"64":{"start":{"line":127,"column":4},"end":{"line":135,"column":5}},"65":{"start":{"line":128,"column":8},"end":{"line":128,"column":34}},"66":{"start":{"line":129,"column":8},"end":{"line":132,"column":9}},"67":{"start":{"line":130,"column":12},"end":{"line":130,"column":31}},"68":{"start":{"line":131,"column":12},"end":{"line":131,"column":21}},"69":{"start":{"line":133,"column":8},"end":{"line":133,"column":33}},"70":{"start":{"line":134,"column":8},"end":{"line":134,"column":12}},"71":{"start":{"line":136,"column":4},"end":{"line":136,"column":18}},"72":{"start":{"line":143,"column":0},"end":{"line":145,"column":2}},"73":{"start":{"line":144,"column":4},"end":{"line":144,"column":51}},"74":{"start":{"line":147,"column":0},"end":{"line":147,"column":31}}},"branchMap":{"1":{"line":27,"type":"if","locations":[{"start":{"line":27,"column":4},"end":{"line":27,"column":4}},{"start":{"line":27,"column":4},"end":{"line":27,"column":4}}]},"2":{"line":32,"type":"if","locations":[{"start":{"line":32,"column":8},"end":{"line":32,"column":8}},{"start":{"line":32,"column":8},"end":{"line":32,"column":8}}]},"3":{"line":33,"type":"cond-expr","locations":[{"start":{"line":34,"column":16},"end":{"line":34,"column":46}},{"start":{"line":35,"column":16},"end":{"line":35,"column":42}}]},"4":{"line":37,"type":"if","locations":[{"start":{"line":37,"column":12},"end":{"line":37,"column":12}},{"start":{"line":37,"column":12},"end":{"line":37,"column":12}}]},"5":{"line":37,"type":"binary-expr","locations":[{"start":{"line":37,"column":18},"end":{"line":37,"column":29}},{"start":{"line":37,"column":33},"end":{"line":37,"column":46}},{"start":{"line":37,"column":50},"end":{"line":37,"column":62}}]},"6":{"line":43,"type":"binary-expr","locations":[{"start":{"line":43,"column":15},"end":{"line":43,"column":18}},{"start":{"line":43,"column":22},"end":{"line":43,"column":23}}]},"7":{"line":61,"type":"if","locations":[{"start":{"line":61,"column":4},"end":{"line":61,"column":4}},{"start":{"line":61,"column":4},"end":{"line":61,"column":4}}]},"8":{"line":68,"type":"cond-expr","locations":[{"start":{"line":68,"column":26},"end":{"line":68,"column":43}},{"start":{"line":68,"column":46},"end":{"line":68,"column":59}}]},"9":{"line":88,"type":"if","locations":[{"start":{"line":88,"column":4},"end":{"line":88,"column":4}},{"start":{"line":88,"column":4},"end":{"line":88,"column":4}}]},"10":{"line":96,"type":"if","locations":[{"start":{"line":96,"column":8},"end":{"line":96,"column":8}},{"start":{"line":96,"column":8},"end":{"line":96,"column":8}}]},"11":{"line":98,"type":"if","locations":[{"start":{"line":98,"column":15},"end":{"line":98,"column":15}},{"start":{"line":98,"column":15},"end":{"line":98,"column":15}}]},"12":{"line":98,"type":"binary-expr","locations":[{"start":{"line":98,"column":19},"end":{"line":98,"column":26}},{"start":{"line":98,"column":30},"end":{"line":98,"column":38}}]},"13":{"line":122,"type":"if","locations":[{"start":{"line":122,"column":4},"end":{"line":122,"column":4}},{"start":{"line":122,"column":4},"end":{"line":122,"column":4}}]},"14":{"line":129,"type":"if","locations":[{"start":{"line":129,"column":8},"end":{"line":129,"column":8}},{"start":{"line":129,"column":8},"end":{"line":129,"column":8}}]}},"code":["var HTML_ALPHA = ['apos', 'nbsp', 'iexcl', 'cent', 'pound', 'curren', 'yen', 'brvbar', 'sect', 'uml', 'copy', 'ordf', 'laquo', 'not', 'shy', 'reg', 'macr', 'deg', 'plusmn', 'sup2', 'sup3', 'acute', 'micro', 'para', 'middot', 'cedil', 'sup1', 'ordm', 'raquo', 'frac14', 'frac12', 'frac34', 'iquest', 'Agrave', 'Aacute', 'Acirc', 'Atilde', 'Auml', 'Aring', 'Aelig', 'Ccedil', 'Egrave', 'Eacute', 'Ecirc', 'Euml', 'Igrave', 'Iacute', 'Icirc', 'Iuml', 'ETH', 'Ntilde', 'Ograve', 'Oacute', 'Ocirc', 'Otilde', 'Ouml', 'times', 'Oslash', 'Ugrave', 'Uacute', 'Ucirc', 'Uuml', 'Yacute', 'THORN', 'szlig', 'agrave', 'aacute', 'acirc', 'atilde', 'auml', 'aring', 'aelig', 'ccedil', 'egrave', 'eacute', 'ecirc', 'euml', 'igrave', 'iacute', 'icirc', 'iuml', 'eth', 'ntilde', 'ograve', 'oacute', 'ocirc', 'otilde', 'ouml', 'divide', 'Oslash', 'ugrave', 'uacute', 'ucirc', 'uuml', 'yacute', 'thorn', 'yuml', 'quot', 'amp', 'lt', 'gt', 'oelig', 'oelig', 'scaron', 'scaron', 'yuml', 'circ', 'tilde', 'ensp', 'emsp', 'thinsp', 'zwnj', 'zwj', 'lrm', 'rlm', 'ndash', 'mdash', 'lsquo', 'rsquo', 'sbquo', 'ldquo', 'rdquo', 'bdquo', 'dagger', 'dagger', 'permil', 'lsaquo', 'rsaquo', 'euro', 'fnof', 'alpha', 'beta', 'gamma', 'delta', 'epsilon', 'zeta', 'eta', 'theta', 'iota', 'kappa', 'lambda', 'mu', 'nu', 'xi', 'omicron', 'pi', 'rho', 'sigma', 'tau', 'upsilon', 'phi', 'chi', 'psi', 'omega', 'alpha', 'beta', 'gamma', 'delta', 'epsilon', 'zeta', 'eta', 'theta', 'iota', 'kappa', 'lambda', 'mu', 'nu', 'xi', 'omicron', 'pi', 'rho', 'sigmaf', 'sigma', 'tau', 'upsilon', 'phi', 'chi', 'psi', 'omega', 'thetasym', 'upsih', 'piv', 'bull', 'hellip', 'prime', 'prime', 'oline', 'frasl', 'weierp', 'image', 'real', 'trade', 'alefsym', 'larr', 'uarr', 'rarr', 'darr', 'harr', 'crarr', 'larr', 'uarr', 'rarr', 'darr', 'harr', 'forall', 'part', 'exist', 'empty', 'nabla', 'isin', 'notin', 'ni', 'prod', 'sum', 'minus', 'lowast', 'radic', 'prop', 'infin', 'ang', 'and', 'or', 'cap', 'cup', 'int', 'there4', 'sim', 'cong', 'asymp', 'ne', 'equiv', 'le', 'ge', 'sub', 'sup', 'nsub', 'sube', 'supe', 'oplus', 'otimes', 'perp', 'sdot', 'lceil', 'rceil', 'lfloor', 'rfloor', 'lang', 'rang', 'loz', 'spades', 'clubs', 'hearts', 'diams'];","var HTML_CODES = [39, 160, 161, 162, 163, 164, 165, 166, 167, 168, 169, 170, 171, 172, 173, 174, 175, 176, 177, 178, 179, 180, 181, 182, 183, 184, 185, 186, 187, 188, 189, 190, 191, 192, 193, 194, 195, 196, 197, 198, 199, 200, 201, 202, 203, 204, 205, 206, 207, 208, 209, 210, 211, 212, 213, 214, 215, 216, 217, 218, 219, 220, 221, 222, 223, 224, 225, 226, 227, 228, 229, 230, 231, 232, 233, 234, 235, 236, 237, 238, 239, 240, 241, 242, 243, 244, 245, 246, 247, 248, 249, 250, 251, 252, 253, 254, 255, 34, 38, 60, 62, 338, 339, 352, 353, 376, 710, 732, 8194, 8195, 8201, 8204, 8205, 8206, 8207, 8211, 8212, 8216, 8217, 8218, 8220, 8221, 8222, 8224, 8225, 8240, 8249, 8250, 8364, 402, 913, 914, 915, 916, 917, 918, 919, 920, 921, 922, 923, 924, 925, 926, 927, 928, 929, 931, 932, 933, 934, 935, 936, 937, 945, 946, 947, 948, 949, 950, 951, 952, 953, 954, 955, 956, 957, 958, 959, 960, 961, 962, 963, 964, 965, 966, 967, 968, 969, 977, 978, 982, 8226, 8230, 8242, 8243, 8254, 8260, 8472, 8465, 8476, 8482, 8501, 8592, 8593, 8594, 8595, 8596, 8629, 8656, 8657, 8658, 8659, 8660, 8704, 8706, 8707, 8709, 8711, 8712, 8713, 8715, 8719, 8721, 8722, 8727, 8730, 8733, 8734, 8736, 8743, 8744, 8745, 8746, 8747, 8756, 8764, 8773, 8776, 8800, 8801, 8804, 8805, 8834, 8835, 8836, 8838, 8839, 8853, 8855, 8869, 8901, 8968, 8969, 8970, 8971, 9001, 9002, 9674, 9824, 9827, 9829, 9830];","","var alphaIndex = {};","var numIndex = {};","","var i = 0;","var length = HTML_ALPHA.length;","while (i < length) {","    var a = HTML_ALPHA[i];","    var c = HTML_CODES[i];","    alphaIndex[a] = String.fromCharCode(c);","    numIndex[c] = a;","    i++;","}","","/**"," * @constructor"," */","function Html4Entities() {}","","/**"," * @param {String} str"," * @returns {String}"," */","Html4Entities.prototype.decode = function(str) {","    if (str.length === 0) {","        return '';","    }","    return str.replace(/&(#?[\\w\\d]+);?/g, function(s, entity) {","        var chr;","        if (entity.charAt(0) === \"#\") {","            var code = entity.charAt(1).toLowerCase() === 'x' ?","                parseInt(entity.substr(2), 16) :","                parseInt(entity.substr(1));","","            if (!(isNaN(code) || code < -32768 || code > 65535)) {","                chr = String.fromCharCode(code);","            }","        } else {","            chr = alphaIndex[entity];","        }","        return chr || s;","    });","};","","/**"," * @param {String} str"," * @returns {String}"," */","Html4Entities.decode = function(str) {","    return new Html4Entities().decode(str);","};","","/**"," * @param {String} str"," * @returns {String}"," */","Html4Entities.prototype.encode = function(str) {","    var strLength = str.length;","    if (strLength === 0) {","        return '';","    }","    var result = '';","    var i = 0;","    while (i < strLength) {","        var alpha = numIndex[str.charCodeAt(i)];","        result += alpha ? \"&\" + alpha + \";\" : str.charAt(i);","        i++;","    }","    return result;","};","","/**"," * @param {String} str"," * @returns {String}"," */","Html4Entities.encode = function(str) {","    return new Html4Entities().encode(str);","};","","/**"," * @param {String} str"," * @returns {String}"," */","Html4Entities.prototype.encodeNonUTF = function(str) {","    var strLength = str.length;","    if (strLength === 0) {","        return '';","    }","    var result = '';","    var i = 0;","    while (i < strLength) {","        var cc = str.charCodeAt(i);","        var alpha = numIndex[cc];","        if (alpha) {","            result += \"&\" + alpha + \";\";","        } else if (cc < 32 || cc > 126) {","            result += \"&#\" + cc + \";\";","        } else {","            result += str.charAt(i);","        }","        i++;","    }","    return result;","};","","/**"," * @param {String} str"," * @returns {String}"," */","Html4Entities.encodeNonUTF = function(str) {","    return new Html4Entities().encodeNonUTF(str);","};","","/**"," * @param {String} str"," * @returns {String}"," */","Html4Entities.prototype.encodeNonASCII = function(str) {","    var strLength = str.length;","    if (strLength === 0) {","        return '';","    }","    var result = '';","    var i = 0;","    while (i < strLength) {","        var c = str.charCodeAt(i);","        if (c <= 255) {","            result += str[i++];","            continue;","        }","        result += '&#' + c + ';';","        i++;","    }","    return result;","};","","/**"," * @param {String} str"," * @returns {String}"," */","Html4Entities.encodeNonASCII = function(str) {","    return new Html4Entities().encodeNonASCII(str);","};","","module.exports = Html4Entities;",""],"l":{"1":1,"2":1,"4":1,"5":1,"7":1,"8":1,"9":1,"10":253,"11":253,"12":253,"13":253,"14":253,"20":1,"26":1,"27":0,"28":0,"30":0,"31":0,"32":0,"33":0,"37":0,"38":0,"41":0,"43":0,"51":1,"52":0,"59":1,"60":0,"61":0,"62":0,"64":0,"65":0,"66":0,"67":0,"68":0,"69":0,"71":0,"78":1,"79":0,"86":1,"87":0,"88":0,"89":0,"91":0,"92":0,"93":0,"94":0,"95":0,"96":0,"97":0,"98":0,"99":0,"101":0,"103":0,"105":0,"112":1,"113":0,"120":1,"121":0,"122":0,"123":0,"125":0,"126":0,"127":0,"128":0,"129":0,"130":0,"131":0,"133":0,"134":0,"136":0,"143":1,"144":0,"147":1}},"/home/travis/build/npmtest/node-npmtest-html-entities/html-entities/lib/html5-entities.js":{"path":"/home/travis/build/npmtest/node-npmtest-html-entities/html-entities/lib/html5-entities.js","s":{"1":1,"2":1,"3":1,"4":1,"5":1,"6":1,"7":0,"8":0,"9":0,"10":0,"11":0,"12":0,"13":0,"14":0,"15":0,"16":0,"17":1,"18":0,"19":1,"20":0,"21":0,"22":0,"23":0,"24":0,"25":0,"26":0,"27":0,"28":0,"29":0,"30":0,"31":0,"32":0,"33":0,"34":0,"35":0,"36":0,"37":0,"38":0,"39":1,"40":0,"41":1,"42":0,"43":0,"44":0,"45":0,"46":0,"47":0,"48":0,"49":0,"50":0,"51":0,"52":0,"53":0,"54":0,"55":0,"56":0,"57":0,"58":0,"59":0,"60":0,"61":0,"62":0,"63":0,"64":1,"65":0,"66":1,"67":0,"68":0,"69":0,"70":0,"71":0,"72":0,"73":0,"74":0,"75":0,"76":0,"77":0,"78":0,"79":0,"80":1,"81":0,"82":1,"83":1,"84":1,"85":1,"86":2124,"87":2124,"88":2124,"89":2124,"90":2124,"91":2124,"92":2124,"93":2088,"94"
[...]
[8826]], ['PrecedesEqual', [10927]], ['PrecedesSlantEqual', [8828]], ['PrecedesTilde', [8830]], ['preceq', [10927]], ['precnapprox', [10937]], ['precneqq', [10933]], ['precnsim', [8936]], ['pre', [10927]], ['prE', [10931]], ['precsim', [8830]], ['prime', [8242]], ['Prime', [8243]], ['primes', [8473]], ['prnap', [10937]], ['prnE', [10933]], ['prnsim', [8936]], ['prod', [8719]], ['Product', [8719]], ['profalar', [9006]], ['profline', [8978]], ['profsurf', [8979]], ['prop', [8733]], ['Proportional', [8733]], ['Proportion', [8759]], ['propto', [8733]], ['prsim', [8830]], ['prurel', [8880]], ['Pscr', [119979]], ['pscr', [120005]], ['Psi', [936]], ['psi', [968]], ['puncsp', [8200]], ['Qfr', [120084]], ['qfr', [120110]], ['qint', [10764]], ['qopf', [120162]], ['Qopf', [8474]], ['qprime', [8279]], ['Qscr', [119980]], ['qscr', [120006]], ['quaternions', [8461]], ['quatint', [10774]], ['quest', [63]], ['questeq', [8799]], ['quot', [34]], ['QUOT', [34]], ['rAarr', [8667]], ['race', [8765, 817]], ['Racute', [340]], ['racute', [341]], ['radic', [8730]], ['raemptyv', [10675]], ['rang', [10217]], ['Rang', [10219]], ['rangd', [10642]], ['range', [10661]], ['rangle', [10217]], ['raquo', [187]], ['rarrap', [10613]], ['rarrb', [8677]], ['rarrbfs', [10528]], ['rarrc', [10547]], ['rarr', [8594]], ['Rarr', [8608]], ['rArr', [8658]], ['rarrfs', [10526]], ['rarrhk', [8618]], ['rarrlp', [8620]], ['rarrpl', [10565]], ['rarrsim', [10612]], ['Rarrtl', [10518]], ['rarrtl', [8611]], ['rarrw', [8605]], ['ratail', [10522]], ['rAtail', [10524]], ['ratio', [8758]], ['rationals', [8474]], ['rbarr', [10509]], ['rBarr', [10511]], ['RBarr', [10512]], ['rbbrk', [10099]], ['rbrace', [125]], ['rbrack', [93]], ['rbrke', [10636]], ['rbrksld', [10638]], ['rbrkslu', [10640]], ['Rcaron', [344]], ['rcaron', [345]], ['Rcedil', [342]], ['rcedil', [343]], ['rceil', [8969]], ['rcub', [125]], ['Rcy', [1056]], ['rcy', [1088]], ['rdca', [10551]], ['rdldhar', [10601]], ['rdquo', [8221]], ['rdquor', [8221]], ['rdsh', [8627]], ['real', [8476]], ['realine', [8475]], ['realpart', [8476]], ['reals', [8477]], ['Re', [8476]], ['rect', [9645]], ['reg', [174]], ['REG', [174]], ['ReverseElement', [8715]], ['ReverseEquilibrium', [8651]], ['ReverseUpEquilibrium', [10607]], ['rfisht', [10621]], ['rfloor', [8971]], ['rfr', [120111]], ['Rfr', [8476]], ['rHar', [10596]], ['rhard', [8641]], ['rharu', [8640]], ['rharul', [10604]], ['Rho', [929]], ['rho', [961]], ['rhov', [1009]], ['RightAngleBracket', [10217]], ['RightArrowBar', [8677]], ['rightarrow', [8594]], ['RightArrow', [8594]], ['Rightarrow', [8658]], ['RightArrowLeftArrow', [8644]], ['rightarrowtail', [8611]], ['RightCeiling', [8969]], ['RightDoubleBracket', [10215]], ['RightDownTeeVector', [10589]], ['RightDownVectorBar', [10581]], ['RightDownVector', [8642]], ['RightFloor', [8971]], ['rightharpoondown', [8641]], ['rightharpoonup', [8640]], ['rightleftarrows', [8644]], ['rightleftharpoons', [8652]], ['rightrightarrows', [8649]], ['rightsquigarrow', [8605]], ['RightTeeArrow', [8614]], ['RightTee', [8866]], ['RightTeeVector', [10587]], ['rightthreetimes', [8908]], ['RightTriangleBar', [10704]], ['RightTriangle', [8883]], ['RightTriangleEqual', [8885]], ['RightUpDownVector', [10575]], ['RightUpTeeVector', [10588]], ['RightUpVectorBar', [10580]], ['RightUpVector', [8638]], ['RightVectorBar', [10579]], ['RightVector', [8640]], ['ring', [730]], ['risingdotseq', [8787]], ['rlarr', [8644]], ['rlhar', [8652]], ['rlm', [8207]], ['rmoustache', [9137]], ['rmoust', [9137]], ['rnmid', [10990]], ['roang', [10221]], ['roarr', [8702]], ['robrk', [10215]], ['ropar', [10630]], ['ropf', [120163]], ['Ropf', [8477]], ['roplus', [10798]], ['rotimes', [10805]], ['RoundImplies', [10608]], ['rpar', [41]], ['rpargt', [10644]], ['rppolint', [10770]], ['rrarr', [8649]], ['Rrightarrow', [8667]], ['rsaquo', [8250]], ['rscr', [120007]], ['Rscr', [8475]], ['rsh', [8625]], ['Rsh', [8625]], ['rsqb', [93]], ['rsquo', [8217]], ['rsquor', [8217]], ['rthree', [8908]], ['rtimes', [8906]], ['rtri', [9657]], ['rtrie', [8885]], ['rtrif', [9656]], ['rtriltri', [10702]], ['RuleDelayed', [10740]], ['ruluhar', [10600]], ['rx', [8478]], ['Sacute', [346]], ['sacute', [347]], ['sbquo', [8218]], ['scap', [10936]], ['Scaron', [352]], ['scaron', [353]], ['Sc', [10940]], ['sc', [8827]], ['sccue', [8829]], ['sce', [10928]], ['scE', [10932]], ['Scedil', [350]], ['scedil', [351]], ['Scirc', [348]], ['scirc', [349]], ['scnap', [10938]], ['scnE', [10934]], ['scnsim', [8937]], ['scpolint', [10771]], ['scsim', [8831]], ['Scy', [1057]], ['scy', [1089]], ['sdotb', [8865]], ['sdot', [8901]], ['sdote', [10854]], ['searhk', [10533]], ['searr', [8600]], ['seArr', [8664]], ['searrow', [8600]], ['sect', [167]], ['semi', [59]], ['seswar', [10537]], ['setminus', [8726]], ['setmn', [8726]], ['sext', [10038]], ['Sfr', [120086]], ['sfr', [120112]], ['sfrown', [8994]], ['sharp', [9839]], ['SHCHcy', [1065]], ['shchcy', [1097]], ['SHcy', [1064]], ['shcy', [1096]], ['ShortDownArrow', [8595]], ['ShortLeftArrow', [8592]], ['shortmid', [8739]], ['shortparallel', [8741]], ['ShortRightArrow', [8594]], ['ShortUpArrow', [8593]], ['shy', [173]], ['Sigma', [931]], ['sigma', [963]], ['sigmaf', [962]], ['sigmav', [962]], ['sim', [8764]], ['simdot', [10858]], ['sime', [8771]], ['simeq', [8771]], ['simg', [10910]], ['simgE', [10912]], ['siml', [10909]], ['simlE', [10911]], ['simne', [8774]], ['simplus', [10788]], ['simrarr', [10610]], ['slarr', [8592]], ['SmallCircle', [8728]], ['smallsetminus', [8726]], ['smashp', [10803]], ['smeparsl', [10724]], ['smid', [8739]], ['smile', [8995]], ['smt', [10922]], ['smte', [10924]], ['smtes', [10924, 65024]], ['SOFTcy', [1068]], ['softcy', [1100]], ['solbar', [9023]], ['solb', [10692]], ['sol', [47]], ['Sopf', [120138]], ['sopf', [120164]], ['spades', [9824]], ['spadesuit', [9824]], ['spar', [8741]], ['sqcap', [8851]], ['sqcaps', [8851, 65024]], ['sqcup', [8852]], ['sqcups', [8852, 65024]], ['Sqrt', [8730]], ['sqsub', [8847]], ['sqsube', [8849]], ['sqsubset', [8847]], ['sqsubseteq', [8849]], ['sqsup', [8848]], ['sqsupe', [8850]], ['sqsupset', [8848]], ['sqsupseteq', [8850]], ['square', [9633]], ['Square', [9633]], ['SquareIntersection', [8851]], ['SquareSubset', [8847]], ['SquareSubsetEqual', [8849]], ['SquareSuperset', [8848]], ['SquareSupersetEqual', [8850]], ['SquareUnion', [8852]], ['squarf', [9642]], ['squ', [9633]], ['squf', [9642]], ['srarr', [8594]], ['Sscr', [119982]], ['sscr', [120008]], ['ssetmn', [8726]], ['ssmile', [8995]], ['sstarf', [8902]], ['Star', [8902]], ['star', [9734]], ['starf', [9733]], ['straightepsilon', [1013]], ['straightphi', [981]], ['strns', [175]], ['sub', [8834]], ['Sub', [8912]], ['subdot', [10941]], ['subE', [10949]], ['sube', [8838]], ['subedot', [10947]], ['submult', [10945]], ['subnE', [10955]], ['subne', [8842]], ['subplus', [10943]], ['subrarr', [10617]], ['subset', [8834]], ['Subset', [8912]], ['subseteq', [8838]], ['subseteqq', [10949]], ['SubsetEqual', [8838]], ['subsetneq', [8842]], ['subsetneqq', [10955]], ['subsim', [10951]], ['subsub', [10965]], ['subsup', [10963]], ['succapprox', [10936]], ['succ', [8827]], ['succcurlyeq', [8829]], ['Succeeds', [8827]], ['SucceedsEqual', [10928]], ['SucceedsSlantEqual', [8829]], ['SucceedsTilde', [8831]], ['succeq', [10928]], ['succnapprox', [10938]], ['succneqq', [10934]], ['succnsim', [8937]], ['succsim', [8831]], ['SuchThat', [8715]], ['sum', [8721]], ['Sum', [8721]], ['sung', [9834]], ['sup1', [185]], ['sup2', [178]], ['sup3', [179]], ['sup', [8835]], ['Sup', [8913]], ['supdot', [10942]], ['supdsub', [10968]], ['supE', [10950]], ['supe', [8839]], ['supedot', [10948]], ['Superset', [8835]], ['SupersetEqual', [8839]], ['suphsol', [10185]], ['suphsub', [10967]], ['suplarr', [10619]], ['supmult', [10946]], ['supnE', [10956]], ['supne', [8843]], ['supplus', [10944]], ['supset', [8835]], ['Supset', [8913]], ['supseteq', [8839]], ['supseteqq', [10950]], ['supsetneq', [8843]], ['supsetneqq', [10956]], ['supsim', [10952]], ['supsub', [10964]], ['supsup', [10966]], ['swarhk', [10534]], ['swarr', [8601]], ['swArr', [8665]], ['swarrow', [8601]], ['swnwar', [10538]], ['szlig', [223]], ['Tab', [9]], ['target', [8982]], ['Tau', [932]], ['tau', [964]], ['tbrk', [9140]], ['Tcaron', [356]], ['tcaron', [357]], ['Tcedil', [354]], ['tcedil', [355]], ['Tcy', [1058]], ['tcy', [1090]], ['tdot', [8411]], ['telrec', [8981]], ['Tfr', [120087]], ['tfr', [120113]], ['there4', [8756]], ['therefore', [8756]], ['Therefore', [8756]], ['Theta', [920]], ['theta', [952]], ['thetasym', [977]], ['thetav', [977]], ['thickapprox', [8776]], ['thicksim', [8764]], ['ThickSpace', [8287, 8202]], ['ThinSpace', [8201]], ['thinsp', [8201]], ['thkap', [8776]], ['thksim', [8764]], ['THORN', [222]], ['thorn', [254]], ['tilde', [732]], ['Tilde', [8764]], ['TildeEqual', [8771]], ['TildeFullEqual', [8773]], ['TildeTilde', [8776]], ['timesbar', [10801]], ['timesb', [8864]], ['times', [215]], ['timesd', [10800]], ['tint', [8749]], ['toea', [10536]], ['topbot', [9014]], ['topcir', [10993]], ['top', [8868]], ['Topf', [120139]], ['topf', [120165]], ['topfork', [10970]], ['tosa', [10537]], ['tprime', [8244]], ['trade', [8482]], ['TRADE', [8482]], ['triangle', [9653]], ['triangledown', [9663]], ['triangleleft', [9667]], ['trianglelefteq', [8884]], ['triangleq', [8796]], ['triangleright', [9657]], ['trianglerighteq', [8885]], ['tridot', [9708]], ['trie', [8796]], ['triminus', [10810]], ['TripleDot', [8411]], ['triplus', [10809]], ['trisb', [10701]], ['tritime', [10811]], ['trpezium', [9186]], ['Tscr', [119983]], ['tscr', [120009]], ['TScy', [1062]], ['tscy', [1094]], ['TSHcy', [1035]], ['tshcy', [1115]], ['Tstrok', [358]], ['tstrok', [359]], ['twixt', [8812]], ['twoheadleftarrow', [8606]], ['twoheadrightarrow', [8608]], ['Uacute', [218]], ['uacute', [250]], ['uarr', [8593]], ['Uarr', [8607]], ['uArr', [8657]], ['Uarrocir', [10569]], ['Ubrcy', [1038]], ['ubrcy', [1118]], ['Ubreve', [364]], ['ubreve', [365]], ['Ucirc', [219]], ['ucirc', [251]], ['Ucy', [1059]], ['ucy', [1091]], ['udarr', [8645]], ['Udblac', [368]], ['udblac', [369]], ['udhar', [10606]], ['ufisht', [10622]], ['Ufr', [120088]], ['ufr', [120114]], ['Ugrave', [217]], ['ugrave', [249]], ['uHar', [10595]], ['uharl', [8639]], ['uharr', [8638]], ['uhblk', [9600]], ['ulcorn', [8988]], ['ulcorner', [8988]], ['ulcrop', [8975]], ['ultri', [9720]], ['Umacr', [362]], ['umacr', [363]], ['uml', [168]], ['UnderBar', [95]], ['UnderBrace', [9183]], ['UnderBracket', [9141]], ['UnderParenthesis', [9181]], ['Union', [8899]], ['UnionPlus', [8846]], ['Uogon', [370]], ['uogon', [371]], ['Uopf', [120140]], ['uopf', [120166]], ['UpArrowBar', [10514]], ['uparrow', [8593]], ['UpArrow', [8593]], ['Uparrow', [8657]], ['UpArrowDownArrow', [8645]], ['updownarrow', [8597]], ['UpDownArrow', [8597]], ['Updownarrow', [8661]], ['UpEquilibrium', [10606]], ['upharpoonleft', [8639]], ['upharpoonright', [8638]], ['uplus', [8846]], ['UpperLeftArrow', [8598]], ['UpperRightArrow', [8599]], ['upsi', [965]], ['Upsi', [978]], ['upsih', [978]], ['Upsilon', [933]], ['upsilon', [965]], ['UpTeeArrow', [8613]], ['UpTee', [8869]], ['upuparrows', [8648]], ['urcorn', [8989]], ['urcorner', [8989]], ['urcrop', [8974]], ['Uring', [366]], ['uring', [367]], ['urtri', [9721]], ['Uscr', [119984]], ['uscr', [120010]], ['utdot', [8944]], ['Utilde', [360]], ['utilde', [361]], ['utri', [9653]], ['utrif', [9652]], ['uuarr', [8648]], ['Uuml', [220]], ['uuml', [252]], ['uwangle', [10663]], ['vangrt', [10652]], ['varepsilon', [1013]], ['varkappa', [1008]], ['varnothing', [8709]], ['varphi', [981]], ['varpi', [982]], ['varpropto', [8733]], ['varr', [8597]], ['vArr', [8661]], ['varrho', [1009]], ['varsigma', [962]], ['varsubsetneq', [8842, 65024]], ['varsubsetneqq', [10955, 65024]], ['varsupsetneq', [8843, 65024]], ['varsupsetneqq', [10956, 65024]], ['vartheta', [977]], ['vartriangleleft', [8882]], ['vartriangleright', [8883]], ['vBar', [10984]], ['Vbar', [10987]], ['vBarv', [10985]], ['Vcy', [1042]], ['vcy', [1074]], ['vdash', [8866]], ['vDash', [8872]], ['Vdash', [8873]], ['VDash', [8875]], ['Vdashl', [10982]], ['veebar', [8891]], ['vee', [8744]], ['Vee', [8897]], ['veeeq', [8794]], ['vellip', [8942]], ['verbar', [124]], ['Verbar', [8214]], ['vert', [124]], ['Vert', [8214]], ['VerticalBar', [8739]], ['VerticalLine', [124]], ['VerticalSeparator', [10072]], ['VerticalTilde', [8768]], ['VeryThinSpace', [8202]], ['Vfr', [120089]], ['vfr', [120115]], ['vltri', [8882]], ['vnsub', [8834, 8402]], ['vnsup', [8835, 8402]], ['Vopf', [120141]], ['vopf', [120167]], ['vprop', [8733]], ['vrtri', [8883]], ['Vscr', [119985]], ['vscr', [120011]], ['vsubnE', [10955, 65024]], ['vsubne', [8842, 65024]], ['vsupnE', [10956, 65024]], ['vsupne', [8843, 65024]], ['Vvdash', [8874]], ['vzigzag', [10650]], ['Wcirc', [372]], ['wcirc', [373]], ['wedbar', [10847]], ['wedge', [8743]], ['Wedge', [8896]], ['wedgeq', [8793]], ['weierp', [8472]], ['Wfr', [120090]], ['wfr', [120116]], ['Wopf', [120142]], ['wopf', [120168]], ['wp', [8472]], ['wr', [8768]], ['wreath', [8768]], ['Wscr', [119986]], ['wscr', [120012]], ['xcap', [8898]], ['xcirc', [9711]], ['xcup', [8899]], ['xdtri', [9661]], ['Xfr', [120091]], ['xfr', [120117]], ['xharr', [10231]], ['xhArr', [10234]], ['Xi', [926]], ['xi', [958]], ['xlarr', [10229]], ['xlArr', [10232]], ['xmap', [10236]], ['xnis', [8955]], ['xodot', [10752]], ['Xopf', [120143]], ['xopf', [120169]], ['xoplus', [10753]], ['xotime', [10754]], ['xrarr', [10230]], ['xrArr', [10233]], ['Xscr', [119987]], ['xscr', [120013]], ['xsqcup', [10758]], ['xuplus', [10756]], ['xutri', [9651]], ['xvee', [8897]], ['xwedge', [8896]], ['Yacute', [221]], ['yacute', [253]], ['YAcy', [1071]], ['yacy', [1103]], ['Ycirc', [374]], ['ycirc', [375]], ['Ycy', [1067]], ['ycy', [1099]], ['yen', [165]], ['Yfr', [120092]], ['yfr', [120118]], ['YIcy', [1031]], ['yicy', [1111]], ['Yopf', [120144]], ['yopf', [120170]], ['Yscr', [119988]], ['yscr', [120014]], ['YUcy', [1070]], ['yucy', [1102]], ['yuml', [255]], ['Yuml', [376]], ['Zacute', [377]], ['zacute', [378]], ['Zcaron', [381]], ['zcaron', [382]], ['Zcy', [1047]], ['zcy', [1079]], ['Zdot', [379]], ['zdot', [380]], ['zeetrf', [8488]], ['ZeroWidthSpace', [8203]], ['Zeta', [918]], ['zeta', [950]], ['zfr', [120119]], ['Zfr', [8488]], ['ZHcy', [1046]], ['zhcy', [1078]], ['zigrarr', [8669]], ['zopf', [120171]], ['Zopf', [8484]], ['Zscr', [119989]], ['zscr', [120015]], ['zwj', [8205]], ['zwnj', [8204]]];","","var alphaIndex = {};","var charIndex = {};","","createIndexes(alphaIndex, charIndex);","","/**"," * @constructor"," */","function Html5Entities() {}","","/**"," * @param {String} str"," * @returns {String}"," */","Html5Entities.prototype.decode = function(str) {","    if (str.length === 0) {","        return '';","    }","    return str.replace(/&(#?[\\w\\d]+);?/g, function(s, entity) {","        var chr;","        if (entity.charAt(0) === \"#\") {","            var code = entity.charAt(1) === 'x' ?","                parseInt(entity.substr(2).toLowerCase(), 16) :","                parseInt(entity.substr(1));","","            if (!(isNaN(code) || code < -32768 || code > 65535)) {","                chr = String.fromCharCode(code);","            }","        } else {","            chr = alphaIndex[entity];","        }","        return chr || s;","    });","};","","/**"," * @param {String} str"," * @returns {String}"," */"," Html5Entities.decode = function(str) {","    return new Html5Entities().decode(str);"," };","","/**"," * @param {String} str"," * @returns {String}"," */","Html5Entities.prototype.encode = function(str) {","    var strLength = str.length;","    if (strLength === 0) {","        return '';","    }","    var result = '';","    var i = 0;","    while (i < strLength) {","        var charInfo = charIndex[str.charCodeAt(i)];","        if (charInfo) {","            var alpha = charInfo[str.charCodeAt(i + 1)];","            if (alpha) {","                i++;","            } else {","                alpha = charInfo[''];","            }","            if (alpha) {","                result += \"&\" + alpha + \";\";","                i++;","                continue;","            }","        }","        result += str.charAt(i);","        i++;","    }","    return result;","};","","/**"," * @param {String} str"," * @returns {String}"," */"," Html5Entities.encode = function(str) {","    return new Html5Entities().encode(str);"," };","","/**"," * @param {String} str"," * @returns {String}"," */","Html5Entities.prototype.encodeNonUTF = function(str) {","    var strLength = str.length;","    if (strLength === 0) {","        return '';","    }","    var result = '';","    var i = 0;","    while (i < strLength) {","        var c = str.charCodeAt(i);","        var charInfo = charIndex[c];","        if (charInfo) {","            var alpha = charInfo[str.charCodeAt(i + 1)];","            if (alpha) {","                i++;","            } else {","                alpha = charInfo[''];","            }","            if (alpha) {","                result += \"&\" + alpha + \";\";","                i++;","                continue;","            }","        }","        if (c < 32 || c > 126) {","            result += '&#' + c + ';';","        } else {","            result += str.charAt(i);","        }","        i++;","    }","    return result;","};","","/**"," * @param {String} str"," * @returns {String}"," */"," Html5Entities.encodeNonUTF = function(str) {","    return new Html5Entities().encodeNonUTF(str);"," };","","/**"," * @param {String} str"," * @returns {String}"," */","Html5Entities.prototype.encodeNonASCII = function(str) {","    var strLength = str.length;","    if (strLength === 0) {","        return '';","    }","    var result = '';","    var i = 0;","    while (i < strLength) {","        var c = str.charCodeAt(i);","        if (c <= 255) {","            result += str[i++];","            continue;","        }","        result += '&#' + c + ';';","        i++","    }","    return result;","};","","/**"," * @param {String} str"," * @returns {String}"," */"," Html5Entities.encodeNonASCII = function(str) {","    return new Html5Entities().encodeNonASCII(str);"," };","","/**"," * @param {Object} alphaIndex Passed by reference."," * @param {Object} charIndex Passed by reference."," */","function createIndexes(alphaIndex, charIndex) {","    var i = ENTITIES.length;","    var _results = [];","    while (i--) {","        var e = ENTITIES[i];","        var alpha = e[0];","        var chars = e[1];","        var chr = chars[0];","        var addChar = (chr < 32 || chr > 126) || chr === 62 || chr === 60 || chr === 38 || chr === 34 || chr === 39;","        var charInfo;","        if (addChar) {","            charInfo = charIndex[chr] = charIndex[chr] || {};","        }","        if (chars[1]) {","            var chr2 = chars[1];","            alphaIndex[alpha] = String.fromCharCode(chr) + String.fromCharCode(chr2);","            _results.push(addChar && (charInfo[chr2] = alpha));","        } else {","            alphaIndex[alpha] = String.fromCharCode(chr);","            _results.push(addChar && (charInfo[''] = alpha));","        }","    }","}","","module.exports = Html5Entities;",""],"l":{"1":1,"3":1,"4":1,"6":1,"11":1,"17":1,"18":0,"19":0,"21":0,"22":0,"23":0,"24":0,"28":0,"29":0,"32":0,"34":0,"42":1,"43":0,"50":1,"51":0,"52":0,"53":0,"55":0,"56":0,"57":0,"58":0,"59":0,"60":0,"61":0,"62":0,"64":0,"66":0,"67":0,"68":0,"69":0,"72":0,"73":0,"75":0,"82":1,"83":0,"90":1,"91":0,"92":0,"93":0,"95":0,"96":0,"97":0,"98":0,"99":0,"100":0,"101":0,"102":0,"103":0,"105":0,"107":0,"108":0,"109":0,"110":0,"113":0,"114":0,"116":0,"118":0,"120":0,"127":1,"128":0,"135":1,"136":0,"137":0,"138":0,"140":0,"141":0,"142":0,"143":0,"144":0,"145":0,"146":0,"148":0,"149":0,"151":0,"158":1,"159":0,"166":1,"167":1,"168":1,"169":1,"170":2124,"171":2124,"172":2124,"173":2124,"174":2124,"175":2124,"176":2124,"177":2088,"179":2124,"180":93,"181":93,"182":93,"184":2031,"185":2031,"190":1}}}